<testsuites id="" name="" tests="146" failures="0" skipped="146" errors="0" time="0.17819200000000002">
<testsuite name="accessibility/accessibility.spec.js" timestamp="2025-06-20T15:36:23.121Z" hostname="chromium" tests="3" failures="0" skipped="3" time="0" errors="0">
<testcase name="Accessibility Tests › login page should not have critical accessibility violations" classname="accessibility/accessibility.spec.js" time="0">
<skipped>
</skipped>
</testcase>
<testcase name="Accessibility Tests › dashboard should not have critical accessibility violations" classname="accessibility/accessibility.spec.js" time="0">
<skipped>
</skipped>
</testcase>
<testcase name="Accessibility Tests › login page should pass specific accessibility rules" classname="accessibility/accessibility.spec.js" time="0">
<skipped>
</skipped>
</testcase>
</testsuite>
<testsuite name="accessibility/fixed-accessibilityTest.spec.js" timestamp="2025-06-20T15:36:23.121Z" hostname="chromium" tests="3" failures="0" skipped="3" time="0" errors="0">
<testcase name="Fixed Accessibility Tests › OrangeHRM login page should generate accessibility report" classname="accessibility/fixed-accessibilityTest.spec.js" time="0">
<skipped>
</skipped>
</testcase>
<testcase name="Fixed Accessibility Tests › OrangeHRM dashboard should generate accessibility report" classname="accessibility/fixed-accessibilityTest.spec.js" time="0">
<skipped>
</skipped>
</testcase>
<testcase name="Fixed Accessibility Tests › OrangeHRM login form should be accessible" classname="accessibility/fixed-accessibilityTest.spec.js" time="0">
<skipped>
</skipped>
</testcase>
</testsuite>
<testsuite name="core/authentication.spec.js" timestamp="2025-06-20T15:36:23.121Z" hostname="chromium" tests="3" failures="0" skipped="3" time="0" errors="0">
<testcase name="Authentication › should login with valid credentials" classname="core/authentication.spec.js" time="0">
<skipped>
</skipped>
</testcase>
<testcase name="Authentication › should show error with invalid credentials" classname="core/authentication.spec.js" time="0">
<skipped>
</skipped>
</testcase>
<testcase name="Authentication › should require username and password" classname="core/authentication.spec.js" time="0">
<skipped>
</skipped>
</testcase>
</testsuite>
<testsuite name="core/form-validation.spec.js" timestamp="2025-06-20T15:36:23.121Z" hostname="chromium" tests="3" failures="0" skipped="3" time="0" errors="0">
<testcase name="Form Validation › should validate required fields" classname="core/form-validation.spec.js" time="0">
<skipped>
</skipped>
</testcase>
<testcase name="Form Validation › should validate input format" classname="core/form-validation.spec.js" time="0">
<skipped>
</skipped>
</testcase>
<testcase name="Form Validation › should accept valid form submission" classname="core/form-validation.spec.js" time="0">
<skipped>
</skipped>
</testcase>
</testsuite>
<testsuite name="core/framework-validation.spec.js" timestamp="2025-06-20T15:36:23.121Z" hostname="chromium" tests="1" failures="0" skipped="1" time="0" errors="0">
<testcase name="Framework Validation › Framework validation test" classname="core/framework-validation.spec.js" time="0">
<skipped>
</skipped>
</testcase>
</testsuite>
<testsuite name="core/navigation.spec.js" timestamp="2025-06-20T15:36:23.121Z" hostname="chromium" tests="4" failures="0" skipped="4" time="0" errors="0">
<testcase name="Navigation › should navigate to Checkboxes page" classname="core/navigation.spec.js" time="0">
<skipped>
</skipped>
</testcase>
<testcase name="Navigation › should navigate to Dropdown page" classname="core/navigation.spec.js" time="0">
<skipped>
</skipped>
</testcase>
<testcase name="Navigation › should navigate to Form Authentication page" classname="core/navigation.spec.js" time="0">
<skipped>
</skipped>
</testcase>
<testcase name="Navigation › should navigate back to home page" classname="core/navigation.spec.js" time="0">
<skipped>
</skipped>
</testcase>
</testsuite>
<testsuite name="core/orangehrm-tests.spec.js" timestamp="2025-06-20T15:36:23.121Z" hostname="chromium" tests="7" failures="0" skipped="7" time="0" errors="0">
<testcase name="OrangeHRM Authentication › should login with valid credentials" classname="core/orangehrm-tests.spec.js" time="0">
<skipped>
</skipped>
</testcase>
<testcase name="OrangeHRM Authentication › should logout successfully" classname="core/orangehrm-tests.spec.js" time="0">
<skipped>
</skipped>
</testcase>
<testcase name="OrangeHRM Navigation › should navigate to Admin page" classname="core/orangehrm-tests.spec.js" time="0">
<skipped>
</skipped>
</testcase>
<testcase name="OrangeHRM Navigation › should navigate to PIM page" classname="core/orangehrm-tests.spec.js" time="0">
<skipped>
</skipped>
</testcase>
<testcase name="OrangeHRM Navigation › should navigate back to Dashboard" classname="core/orangehrm-tests.spec.js" time="0">
<skipped>
</skipped>
</testcase>
<testcase name="OrangeHRM Form Validation › should validate password strength in Add User form" classname="core/orangehrm-tests.spec.js" time="0">
<skipped>
</skipped>
</testcase>
<testcase name="OrangeHRM Form Validation › should validate password confirmation in Add User form" classname="core/orangehrm-tests.spec.js" time="0">
<skipped>
</skipped>
</testcase>
</testsuite>
<testsuite name="examples/flaky-test-example.spec.js" timestamp="2025-06-20T15:36:23.121Z" hostname="chromium" tests="3" failures="0" skipped="3" time="0" errors="0">
<testcase name="Flaky Test Examples › flaky test with annotation" classname="examples/flaky-test-example.spec.js" time="0">
<properties>
<property name="flaky" value="This test is known to be flaky">
</property>
</properties>
<skipped>
</skipped>
</testcase>
<testcase name="Flaky Test Examples › test that might be quarantined automatically" classname="examples/flaky-test-example.spec.js" time="0">
<skipped>
</skipped>
</testcase>
<testcase name="Flaky Test Examples › manually skipped test if needed" classname="examples/flaky-test-example.spec.js" time="0">
<skipped>
</skipped>
</testcase>
</testsuite>
<testsuite name="framework-validation.spec.js" timestamp="2025-06-20T15:36:23.121Z" hostname="chromium" tests="1" failures="0" skipped="1" time="0" errors="0">
<testcase name="Framework Validation › Framework validation test" classname="framework-validation.spec.js" time="0">
<skipped>
</skipped>
</testcase>
</testsuite>
<testsuite name="integration/jira-integration.spec.js" timestamp="2025-06-20T15:36:23.121Z" hostname="chromium" tests="2" failures="0" skipped="2" time="0" errors="0">
<testcase name="Jira API Integration › should search for issues using JQL @JIRA-123" classname="integration/jira-integration.spec.js" time="0">
<properties>
<property name="skip" value="">
</property>
</properties>
<skipped>
</skipped>
</testcase>
<testcase name="Jira API Integration › should get issue details @JIRA-124" classname="integration/jira-integration.spec.js" time="0">
<properties>
<property name="skip" value="">
</property>
</properties>
<skipped>
</skipped>
</testcase>
</testsuite>
<testsuite name="integration/salesforce-objects.spec.js" timestamp="2025-06-20T15:36:23.121Z" hostname="chromium" tests="2" failures="0" skipped="2" time="0" errors="0">
<testcase name="Salesforce Objects Integration › should get object metadata @SF-123" classname="integration/salesforce-objects.spec.js" time="0">
<properties>
<property name="skip" value="">
</property>
</properties>
<skipped>
</skipped>
</testcase>
<testcase name="Salesforce Objects Integration › should create and retrieve test case @SF-124" classname="integration/salesforce-objects.spec.js" time="0">
<properties>
<property name="skip" value="">
</property>
</properties>
<skipped>
</skipped>
</testcase>
</testsuite>
<testsuite name="integration/testrail-example.spec.js" timestamp="2025-06-20T15:36:23.121Z" hostname="chromium" tests="1" failures="0" skipped="1" time="0" errors="0">
<testcase name="TestRail Integration › Execute TestRail test case" classname="integration/testrail-example.spec.js" time="0">
<properties>
<property name="skip" value="">
</property>
</properties>
<skipped>
</skipped>
</testcase>
</testsuite>
<testsuite name="reporting/reportingUtils.spec.js" timestamp="2025-06-20T15:36:23.121Z" hostname="chromium" tests="1" failures="0" skipped="1" time="0" errors="0">
<testcase name="Reporting Utilities › should process Playwright results" classname="reporting/reportingUtils.spec.js" time="0">
<skipped>
</skipped>
</testcase>
</testsuite>
<testsuite name="reporting/simple.spec.js" timestamp="2025-06-20T15:36:23.121Z" hostname="chromium" tests="1" failures="0" skipped="1" time="0" errors="0">
<testcase name="Simple Test › should pass" classname="reporting/simple.spec.js" time="0">
<skipped>
</skipped>
</testcase>
</testsuite>
<testsuite name="accessibility/accessibility.spec.js" timestamp="2025-06-20T15:36:23.121Z" hostname="firefox" tests="3" failures="0" skipped="3" time="0" errors="0">
<testcase name="Accessibility Tests › login page should not have critical accessibility violations" classname="accessibility/accessibility.spec.js" time="0">
<skipped>
</skipped>
</testcase>
<testcase name="Accessibility Tests › dashboard should not have critical accessibility violations" classname="accessibility/accessibility.spec.js" time="0">
<skipped>
</skipped>
</testcase>
<testcase name="Accessibility Tests › login page should pass specific accessibility rules" classname="accessibility/accessibility.spec.js" time="0">
<skipped>
</skipped>
</testcase>
</testsuite>
<testsuite name="accessibility/fixed-accessibilityTest.spec.js" timestamp="2025-06-20T15:36:23.121Z" hostname="firefox" tests="3" failures="0" skipped="3" time="0" errors="0">
<testcase name="Fixed Accessibility Tests › OrangeHRM login page should generate accessibility report" classname="accessibility/fixed-accessibilityTest.spec.js" time="0">
<skipped>
</skipped>
</testcase>
<testcase name="Fixed Accessibility Tests › OrangeHRM dashboard should generate accessibility report" classname="accessibility/fixed-accessibilityTest.spec.js" time="0">
<skipped>
</skipped>
</testcase>
<testcase name="Fixed Accessibility Tests › OrangeHRM login form should be accessible" classname="accessibility/fixed-accessibilityTest.spec.js" time="0">
<skipped>
</skipped>
</testcase>
</testsuite>
<testsuite name="core/authentication.spec.js" timestamp="2025-06-20T15:36:23.121Z" hostname="firefox" tests="3" failures="0" skipped="3" time="0" errors="0">
<testcase name="Authentication › should login with valid credentials" classname="core/authentication.spec.js" time="0">
<skipped>
</skipped>
</testcase>
<testcase name="Authentication › should show error with invalid credentials" classname="core/authentication.spec.js" time="0">
<skipped>
</skipped>
</testcase>
<testcase name="Authentication › should require username and password" classname="core/authentication.spec.js" time="0">
<skipped>
</skipped>
</testcase>
</testsuite>
<testsuite name="core/form-validation.spec.js" timestamp="2025-06-20T15:36:23.121Z" hostname="firefox" tests="3" failures="0" skipped="3" time="0" errors="0">
<testcase name="Form Validation › should validate required fields" classname="core/form-validation.spec.js" time="0">
<skipped>
</skipped>
</testcase>
<testcase name="Form Validation › should validate input format" classname="core/form-validation.spec.js" time="0">
<skipped>
</skipped>
</testcase>
<testcase name="Form Validation › should accept valid form submission" classname="core/form-validation.spec.js" time="0">
<skipped>
</skipped>
</testcase>
</testsuite>
<testsuite name="core/framework-validation.spec.js" timestamp="2025-06-20T15:36:23.121Z" hostname="firefox" tests="1" failures="0" skipped="1" time="0" errors="0">
<testcase name="Framework Validation › Framework validation test" classname="core/framework-validation.spec.js" time="0">
<skipped>
</skipped>
</testcase>
</testsuite>
<testsuite name="core/navigation.spec.js" timestamp="2025-06-20T15:36:23.121Z" hostname="firefox" tests="4" failures="0" skipped="4" time="0" errors="0">
<testcase name="Navigation › should navigate to Checkboxes page" classname="core/navigation.spec.js" time="0">
<skipped>
</skipped>
</testcase>
<testcase name="Navigation › should navigate to Dropdown page" classname="core/navigation.spec.js" time="0">
<skipped>
</skipped>
</testcase>
<testcase name="Navigation › should navigate to Form Authentication page" classname="core/navigation.spec.js" time="0">
<skipped>
</skipped>
</testcase>
<testcase name="Navigation › should navigate back to home page" classname="core/navigation.spec.js" time="0">
<skipped>
</skipped>
</testcase>
</testsuite>
<testsuite name="core/orangehrm-tests.spec.js" timestamp="2025-06-20T15:36:23.121Z" hostname="firefox" tests="7" failures="0" skipped="7" time="0" errors="0">
<testcase name="OrangeHRM Authentication › should login with valid credentials" classname="core/orangehrm-tests.spec.js" time="0">
<skipped>
</skipped>
</testcase>
<testcase name="OrangeHRM Authentication › should logout successfully" classname="core/orangehrm-tests.spec.js" time="0">
<skipped>
</skipped>
</testcase>
<testcase name="OrangeHRM Navigation › should navigate to Admin page" classname="core/orangehrm-tests.spec.js" time="0">
<skipped>
</skipped>
</testcase>
<testcase name="OrangeHRM Navigation › should navigate to PIM page" classname="core/orangehrm-tests.spec.js" time="0">
<skipped>
</skipped>
</testcase>
<testcase name="OrangeHRM Navigation › should navigate back to Dashboard" classname="core/orangehrm-tests.spec.js" time="0">
<skipped>
</skipped>
</testcase>
<testcase name="OrangeHRM Form Validation › should validate password strength in Add User form" classname="core/orangehrm-tests.spec.js" time="0">
<skipped>
</skipped>
</testcase>
<testcase name="OrangeHRM Form Validation › should validate password confirmation in Add User form" classname="core/orangehrm-tests.spec.js" time="0">
<skipped>
</skipped>
</testcase>
</testsuite>
<testsuite name="examples/flaky-test-example.spec.js" timestamp="2025-06-20T15:36:23.121Z" hostname="firefox" tests="3" failures="0" skipped="3" time="0" errors="0">
<testcase name="Flaky Test Examples › flaky test with annotation" classname="examples/flaky-test-example.spec.js" time="0">
<properties>
<property name="flaky" value="This test is known to be flaky">
</property>
</properties>
<skipped>
</skipped>
</testcase>
<testcase name="Flaky Test Examples › test that might be quarantined automatically" classname="examples/flaky-test-example.spec.js" time="0">
<skipped>
</skipped>
</testcase>
<testcase name="Flaky Test Examples › manually skipped test if needed" classname="examples/flaky-test-example.spec.js" time="0">
<skipped>
</skipped>
</testcase>
</testsuite>
<testsuite name="framework-validation.spec.js" timestamp="2025-06-20T15:36:23.121Z" hostname="firefox" tests="1" failures="0" skipped="1" time="0" errors="0">
<testcase name="Framework Validation › Framework validation test" classname="framework-validation.spec.js" time="0">
<skipped>
</skipped>
</testcase>
</testsuite>
<testsuite name="integration/jira-integration.spec.js" timestamp="2025-06-20T15:36:23.121Z" hostname="firefox" tests="2" failures="0" skipped="2" time="0" errors="0">
<testcase name="Jira API Integration › should search for issues using JQL @JIRA-123" classname="integration/jira-integration.spec.js" time="0">
<properties>
<property name="skip" value="">
</property>
</properties>
<skipped>
</skipped>
</testcase>
<testcase name="Jira API Integration › should get issue details @JIRA-124" classname="integration/jira-integration.spec.js" time="0">
<properties>
<property name="skip" value="">
</property>
</properties>
<skipped>
</skipped>
</testcase>
</testsuite>
<testsuite name="integration/salesforce-objects.spec.js" timestamp="2025-06-20T15:36:23.121Z" hostname="firefox" tests="2" failures="0" skipped="2" time="0" errors="0">
<testcase name="Salesforce Objects Integration › should get object metadata @SF-123" classname="integration/salesforce-objects.spec.js" time="0">
<properties>
<property name="skip" value="">
</property>
</properties>
<skipped>
</skipped>
</testcase>
<testcase name="Salesforce Objects Integration › should create and retrieve test case @SF-124" classname="integration/salesforce-objects.spec.js" time="0">
<properties>
<property name="skip" value="">
</property>
</properties>
<skipped>
</skipped>
</testcase>
</testsuite>
<testsuite name="integration/testrail-example.spec.js" timestamp="2025-06-20T15:36:23.121Z" hostname="firefox" tests="1" failures="0" skipped="1" time="0" errors="0">
<testcase name="TestRail Integration › Execute TestRail test case" classname="integration/testrail-example.spec.js" time="0">
<properties>
<property name="skip" value="">
</property>
</properties>
<skipped>
</skipped>
</testcase>
</testsuite>
<testsuite name="reporting/reportingUtils.spec.js" timestamp="2025-06-20T15:36:23.121Z" hostname="firefox" tests="1" failures="0" skipped="1" time="0" errors="0">
<testcase name="Reporting Utilities › should process Playwright results" classname="reporting/reportingUtils.spec.js" time="0">
<skipped>
</skipped>
</testcase>
</testsuite>
<testsuite name="reporting/simple.spec.js" timestamp="2025-06-20T15:36:23.121Z" hostname="firefox" tests="1" failures="0" skipped="1" time="0" errors="0">
<testcase name="Simple Test › should pass" classname="reporting/simple.spec.js" time="0">
<skipped>
</skipped>
</testcase>
</testsuite>
<testsuite name="accessibility/accessibility.spec.js" timestamp="2025-06-20T15:36:23.121Z" hostname="webkit" tests="3" failures="0" skipped="3" time="0" errors="0">
<testcase name="Accessibility Tests › login page should not have critical accessibility violations" classname="accessibility/accessibility.spec.js" time="0">
<skipped>
</skipped>
</testcase>
<testcase name="Accessibility Tests › dashboard should not have critical accessibility violations" classname="accessibility/accessibility.spec.js" time="0">
<skipped>
</skipped>
</testcase>
<testcase name="Accessibility Tests › login page should pass specific accessibility rules" classname="accessibility/accessibility.spec.js" time="0">
<skipped>
</skipped>
</testcase>
</testsuite>
<testsuite name="accessibility/fixed-accessibilityTest.spec.js" timestamp="2025-06-20T15:36:23.121Z" hostname="webkit" tests="3" failures="0" skipped="3" time="0" errors="0">
<testcase name="Fixed Accessibility Tests › OrangeHRM login page should generate accessibility report" classname="accessibility/fixed-accessibilityTest.spec.js" time="0">
<skipped>
</skipped>
</testcase>
<testcase name="Fixed Accessibility Tests › OrangeHRM dashboard should generate accessibility report" classname="accessibility/fixed-accessibilityTest.spec.js" time="0">
<skipped>
</skipped>
</testcase>
<testcase name="Fixed Accessibility Tests › OrangeHRM login form should be accessible" classname="accessibility/fixed-accessibilityTest.spec.js" time="0">
<skipped>
</skipped>
</testcase>
</testsuite>
<testsuite name="core/authentication.spec.js" timestamp="2025-06-20T15:36:23.121Z" hostname="webkit" tests="3" failures="0" skipped="3" time="0" errors="0">
<testcase name="Authentication › should login with valid credentials" classname="core/authentication.spec.js" time="0">
<skipped>
</skipped>
</testcase>
<testcase name="Authentication › should show error with invalid credentials" classname="core/authentication.spec.js" time="0">
<skipped>
</skipped>
</testcase>
<testcase name="Authentication › should require username and password" classname="core/authentication.spec.js" time="0">
<skipped>
</skipped>
</testcase>
</testsuite>
<testsuite name="core/form-validation.spec.js" timestamp="2025-06-20T15:36:23.121Z" hostname="webkit" tests="3" failures="0" skipped="3" time="0" errors="0">
<testcase name="Form Validation › should validate required fields" classname="core/form-validation.spec.js" time="0">
<skipped>
</skipped>
</testcase>
<testcase name="Form Validation › should validate input format" classname="core/form-validation.spec.js" time="0">
<skipped>
</skipped>
</testcase>
<testcase name="Form Validation › should accept valid form submission" classname="core/form-validation.spec.js" time="0">
<skipped>
</skipped>
</testcase>
</testsuite>
<testsuite name="core/framework-validation.spec.js" timestamp="2025-06-20T15:36:23.121Z" hostname="webkit" tests="1" failures="0" skipped="1" time="0" errors="0">
<testcase name="Framework Validation › Framework validation test" classname="core/framework-validation.spec.js" time="0">
<skipped>
</skipped>
</testcase>
</testsuite>
<testsuite name="core/navigation.spec.js" timestamp="2025-06-20T15:36:23.121Z" hostname="webkit" tests="4" failures="0" skipped="4" time="0" errors="0">
<testcase name="Navigation › should navigate to Checkboxes page" classname="core/navigation.spec.js" time="0">
<skipped>
</skipped>
</testcase>
<testcase name="Navigation › should navigate to Dropdown page" classname="core/navigation.spec.js" time="0">
<skipped>
</skipped>
</testcase>
<testcase name="Navigation › should navigate to Form Authentication page" classname="core/navigation.spec.js" time="0">
<skipped>
</skipped>
</testcase>
<testcase name="Navigation › should navigate back to home page" classname="core/navigation.spec.js" time="0">
<skipped>
</skipped>
</testcase>
</testsuite>
<testsuite name="core/orangehrm-tests.spec.js" timestamp="2025-06-20T15:36:23.121Z" hostname="webkit" tests="7" failures="0" skipped="7" time="0" errors="0">
<testcase name="OrangeHRM Authentication › should login with valid credentials" classname="core/orangehrm-tests.spec.js" time="0">
<skipped>
</skipped>
</testcase>
<testcase name="OrangeHRM Authentication › should logout successfully" classname="core/orangehrm-tests.spec.js" time="0">
<skipped>
</skipped>
</testcase>
<testcase name="OrangeHRM Navigation › should navigate to Admin page" classname="core/orangehrm-tests.spec.js" time="0">
<skipped>
</skipped>
</testcase>
<testcase name="OrangeHRM Navigation › should navigate to PIM page" classname="core/orangehrm-tests.spec.js" time="0">
<skipped>
</skipped>
</testcase>
<testcase name="OrangeHRM Navigation › should navigate back to Dashboard" classname="core/orangehrm-tests.spec.js" time="0">
<skipped>
</skipped>
</testcase>
<testcase name="OrangeHRM Form Validation › should validate password strength in Add User form" classname="core/orangehrm-tests.spec.js" time="0">
<skipped>
</skipped>
</testcase>
<testcase name="OrangeHRM Form Validation › should validate password confirmation in Add User form" classname="core/orangehrm-tests.spec.js" time="0">
<skipped>
</skipped>
</testcase>
</testsuite>
<testsuite name="examples/flaky-test-example.spec.js" timestamp="2025-06-20T15:36:23.121Z" hostname="webkit" tests="3" failures="0" skipped="3" time="0" errors="0">
<testcase name="Flaky Test Examples › flaky test with annotation" classname="examples/flaky-test-example.spec.js" time="0">
<properties>
<property name="flaky" value="This test is known to be flaky">
</property>
</properties>
<skipped>
</skipped>
</testcase>
<testcase name="Flaky Test Examples › test that might be quarantined automatically" classname="examples/flaky-test-example.spec.js" time="0">
<skipped>
</skipped>
</testcase>
<testcase name="Flaky Test Examples › manually skipped test if needed" classname="examples/flaky-test-example.spec.js" time="0">
<skipped>
</skipped>
</testcase>
</testsuite>
<testsuite name="framework-validation.spec.js" timestamp="2025-06-20T15:36:23.121Z" hostname="webkit" tests="1" failures="0" skipped="1" time="0" errors="0">
<testcase name="Framework Validation › Framework validation test" classname="framework-validation.spec.js" time="0">
<skipped>
</skipped>
</testcase>
</testsuite>
<testsuite name="integration/jira-integration.spec.js" timestamp="2025-06-20T15:36:23.121Z" hostname="webkit" tests="2" failures="0" skipped="2" time="0" errors="0">
<testcase name="Jira API Integration › should search for issues using JQL @JIRA-123" classname="integration/jira-integration.spec.js" time="0">
<properties>
<property name="skip" value="">
</property>
</properties>
<skipped>
</skipped>
</testcase>
<testcase name="Jira API Integration › should get issue details @JIRA-124" classname="integration/jira-integration.spec.js" time="0">
<properties>
<property name="skip" value="">
</property>
</properties>
<skipped>
</skipped>
</testcase>
</testsuite>
<testsuite name="integration/salesforce-objects.spec.js" timestamp="2025-06-20T15:36:23.121Z" hostname="webkit" tests="2" failures="0" skipped="2" time="0" errors="0">
<testcase name="Salesforce Objects Integration › should get object metadata @SF-123" classname="integration/salesforce-objects.spec.js" time="0">
<properties>
<property name="skip" value="">
</property>
</properties>
<skipped>
</skipped>
</testcase>
<testcase name="Salesforce Objects Integration › should create and retrieve test case @SF-124" classname="integration/salesforce-objects.spec.js" time="0">
<properties>
<property name="skip" value="">
</property>
</properties>
<skipped>
</skipped>
</testcase>
</testsuite>
<testsuite name="integration/testrail-example.spec.js" timestamp="2025-06-20T15:36:23.121Z" hostname="webkit" tests="1" failures="0" skipped="1" time="0" errors="0">
<testcase name="TestRail Integration › Execute TestRail test case" classname="integration/testrail-example.spec.js" time="0">
<properties>
<property name="skip" value="">
</property>
</properties>
<skipped>
</skipped>
</testcase>
</testsuite>
<testsuite name="reporting/reportingUtils.spec.js" timestamp="2025-06-20T15:36:23.121Z" hostname="webkit" tests="1" failures="0" skipped="1" time="0" errors="0">
<testcase name="Reporting Utilities › should process Playwright results" classname="reporting/reportingUtils.spec.js" time="0">
<skipped>
</skipped>
</testcase>
</testsuite>
<testsuite name="reporting/simple.spec.js" timestamp="2025-06-20T15:36:23.121Z" hostname="webkit" tests="1" failures="0" skipped="1" time="0" errors="0">
<testcase name="Simple Test › should pass" classname="reporting/simple.spec.js" time="0">
<skipped>
</skipped>
</testcase>
</testsuite>
<testsuite name="salesforce/salesforce-api-mock.spec.js" timestamp="2025-06-20T15:36:23.121Z" hostname="salesforce" tests="4" failures="0" skipped="4" time="0" errors="0">
<testcase name="Salesforce API Mock Tests › should get API limits" classname="salesforce/salesforce-api-mock.spec.js" time="0">
<skipped>
</skipped>
</testcase>
<testcase name="Salesforce API Mock Tests › should describe global objects" classname="salesforce/salesforce-api-mock.spec.js" time="0">
<skipped>
</skipped>
</testcase>
<testcase name="Salesforce API Mock Tests › should describe Contact object" classname="salesforce/salesforce-api-mock.spec.js" time="0">
<skipped>
</skipped>
</testcase>
<testcase name="Salesforce API Mock Tests › should extract Contact metadata to file" classname="salesforce/salesforce-api-mock.spec.js" time="0">
<skipped>
</skipped>
</testcase>
</testsuite>
<testsuite name="salesforce/salesforce-api.spec.js" timestamp="2025-06-20T15:36:23.121Z" hostname="salesforce" tests="4" failures="0" skipped="4" time="0" errors="0">
<testcase name="Salesforce API Tests › should get API limits" classname="salesforce/salesforce-api.spec.js" time="0">
<skipped>
</skipped>
</testcase>
<testcase name="Salesforce API Tests › should describe global objects" classname="salesforce/salesforce-api.spec.js" time="0">
<skipped>
</skipped>
</testcase>
<testcase name="Salesforce API Tests › should describe Contact object" classname="salesforce/salesforce-api.spec.js" time="0">
<skipped>
</skipped>
</testcase>
<testcase name="Salesforce API Tests › should extract Contact metadata to file" classname="salesforce/salesforce-api.spec.js" time="0">
<skipped>
</skipped>
</testcase>
</testsuite>
<testsuite name="salesforce/salesforce-login.spec.js" timestamp="2025-06-20T15:36:23.121Z" hostname="salesforce" tests="1" failures="0" skipped="1" time="0" errors="0">
<testcase name="Salesforce Login Test › should login to Salesforce successfully" classname="salesforce/salesforce-login.spec.js" time="0">
<skipped>
</skipped>
</testcase>
</testsuite>
<testsuite name="salesforce/salesforce-simple-contact.spec.js" timestamp="2025-06-20T15:36:23.121Z" hostname="salesforce" tests="1" failures="0" skipped="1" time="0" errors="0">
<testcase name="Salesforce Simple Contact Test › should navigate to contacts list" classname="salesforce/salesforce-simple-contact.spec.js" time="0">
<properties>
<property name="skip" value="">
</property>
</properties>
<skipped>
</skipped>
</testcase>
</testsuite>
<testsuite name="api/rest/create-user.spec.js" timestamp="2025-06-20T15:36:23.121Z" hostname="api" tests="5" failures="0" skipped="5" time="0" errors="0">
<testcase name="Create User API Tests › Create new user with valid data" classname="api/rest/create-user.spec.js" time="0">
<skipped>
</skipped>
</testcase>
<testcase name="Create User API Tests › Create user with minimal data" classname="api/rest/create-user.spec.js" time="0">
<skipped>
</skipped>
</testcase>
<testcase name="Create User API Tests › Update user with PUT request" classname="api/rest/create-user.spec.js" time="0">
<skipped>
</skipped>
</testcase>
<testcase name="Create User API Tests › Update user with PATCH request" classname="api/rest/create-user.spec.js" time="0">
<skipped>
</skipped>
</testcase>
<testcase name="Create User API Tests › Delete user" classname="api/rest/create-user.spec.js" time="0">
<skipped>
</skipped>
</testcase>
</testsuite>
<testsuite name="api/rest/data-driven-api.spec.js" timestamp="2025-06-20T15:36:23.121Z" hostname="api" tests="12" failures="0" skipped="12" time="0" errors="0">
<testcase name="Data-Driven API Tests › Create user: User 1 - Job 1" classname="api/rest/data-driven-api.spec.js" time="0">
<skipped>
</skipped>
</testcase>
<testcase name="Data-Driven API Tests › Create user: User 2 - Job 2" classname="api/rest/data-driven-api.spec.js" time="0">
<skipped>
</skipped>
</testcase>
<testcase name="Data-Driven API Tests › Create user: User 3 - Job 3" classname="api/rest/data-driven-api.spec.js" time="0">
<skipped>
</skipped>
</testcase>
<testcase name="Data-Driven API Tests › Get user with ID: 1" classname="api/rest/data-driven-api.spec.js" time="0">
<skipped>
</skipped>
</testcase>
<testcase name="Data-Driven API Tests › Get user with ID: 2" classname="api/rest/data-driven-api.spec.js" time="0">
<skipped>
</skipped>
</testcase>
<testcase name="Data-Driven API Tests › Get user with ID: 3" classname="api/rest/data-driven-api.spec.js" time="0">
<skipped>
</skipped>
</testcase>
<testcase name="Data-Driven API Tests › Get user with ID: 23" classname="api/rest/data-driven-api.spec.js" time="0">
<skipped>
</skipped>
</testcase>
<testcase name="Data-Driven API Tests › Get users from page 1" classname="api/rest/data-driven-api.spec.js" time="0">
<skipped>
</skipped>
</testcase>
<testcase name="Data-Driven API Tests › Get users from page 2" classname="api/rest/data-driven-api.spec.js" time="0">
<skipped>
</skipped>
</testcase>
<testcase name="Data-Driven API Tests › Get users from page 3" classname="api/rest/data-driven-api.spec.js" time="0">
<skipped>
</skipped>
</testcase>
<testcase name="Data-Driven API Tests › API with page=1" classname="api/rest/data-driven-api.spec.js" time="0">
<skipped>
</skipped>
</testcase>
<testcase name="Data-Driven API Tests › API with per_page=3" classname="api/rest/data-driven-api.spec.js" time="0">
<skipped>
</skipped>
</testcase>
</testsuite>
<testsuite name="api/rest/fixed-reqres-api.spec.js" timestamp="2025-06-20T15:36:23.121Z" hostname="api" tests="4" failures="0" skipped="4" time="0" errors="0">
<testcase name="ReqRes API with Schema Validation › Get users list with schema validation" classname="api/rest/fixed-reqres-api.spec.js" time="0">
<skipped>
</skipped>
</testcase>
<testcase name="ReqRes API with Schema Validation › Get single user with schema validation" classname="api/rest/fixed-reqres-api.spec.js" time="0">
<skipped>
</skipped>
</testcase>
<testcase name="ReqRes API with Schema Validation › Create user with schema validation" classname="api/rest/fixed-reqres-api.spec.js" time="0">
<skipped>
</skipped>
</testcase>
<testcase name="ReqRes API with Schema Validation › Validate error response for non-existent resource" classname="api/rest/fixed-reqres-api.spec.js" time="0">
<skipped>
</skipped>
</testcase>
</testsuite>
<testsuite name="api/rest/user-api.spec.js" timestamp="2025-06-20T15:36:23.121Z" hostname="api" tests="4" failures="0" skipped="4" time="0" errors="0">
<testcase name="User API Tests › Get list of users" classname="api/rest/user-api.spec.js" time="0">
<skipped>
</skipped>
</testcase>
<testcase name="User API Tests › Get single user by ID" classname="api/rest/user-api.spec.js" time="0">
<skipped>
</skipped>
</testcase>
<testcase name="User API Tests › Get non-existent user returns 404" classname="api/rest/user-api.spec.js" time="0">
<skipped>
</skipped>
</testcase>
<testcase name="User API Tests › Get user resources" classname="api/rest/user-api.spec.js" time="0">
<skipped>
</skipped>
</testcase>
</testsuite>
<testsuite name="accessibility/accessibility.spec.js" timestamp="2025-06-20T15:36:23.121Z" hostname="accessibility" tests="3" failures="0" skipped="3" time="0" errors="0">
<testcase name="Accessibility Tests › login page should not have critical accessibility violations" classname="accessibility/accessibility.spec.js" time="0">
<skipped>
</skipped>
</testcase>
<testcase name="Accessibility Tests › dashboard should not have critical accessibility violations" classname="accessibility/accessibility.spec.js" time="0">
<skipped>
</skipped>
</testcase>
<testcase name="Accessibility Tests › login page should pass specific accessibility rules" classname="accessibility/accessibility.spec.js" time="0">
<skipped>
</skipped>
</testcase>
</testsuite>
<testsuite name="accessibility/fixed-accessibilityTest.spec.js" timestamp="2025-06-20T15:36:23.121Z" hostname="accessibility" tests="3" failures="0" skipped="3" time="0" errors="0">
<testcase name="Fixed Accessibility Tests › OrangeHRM login page should generate accessibility report" classname="accessibility/fixed-accessibilityTest.spec.js" time="0">
<skipped>
</skipped>
</testcase>
<testcase name="Fixed Accessibility Tests › OrangeHRM dashboard should generate accessibility report" classname="accessibility/fixed-accessibilityTest.spec.js" time="0">
<skipped>
</skipped>
</testcase>
<testcase name="Fixed Accessibility Tests › OrangeHRM login form should be accessible" classname="accessibility/fixed-accessibilityTest.spec.js" time="0">
<skipped>
</skipped>
</testcase>
</testsuite>
</testsuites>