<testsuites id="" name="" tests="146" failures="0" skipped="49" errors="0" time="72.321398">
<testsuite name="accessibility/accessibility.spec.js" timestamp="2025-06-19T16:42:03.966Z" hostname="chromium" tests="3" failures="0" skipped="1" time="11.755" errors="0">
<testcase name="Accessibility Tests › login page should not have critical accessibility violations" classname="accessibility/accessibility.spec.js" time="4.023">
<system-out>
<![CDATA[Critical violations: []
]]>
</system-out>
</testcase>
<testcase name="Accessibility Tests › dashboard should not have critical accessibility violations" classname="accessibility/accessibility.spec.js" time="3.553">
<properties>
<property name="skip" value="">
</property>
</properties>
<skipped>
</skipped>
</testcase>
<testcase name="Accessibility Tests › login page should pass specific accessibility rules" classname="accessibility/accessibility.spec.js" time="4.179">
</testcase>
</testsuite>
<testsuite name="accessibility/fixed-accessibilityTest.spec.js" timestamp="2025-06-19T16:42:03.966Z" hostname="chromium" tests="3" failures="0" skipped="1" time="11.492" errors="0">
<testcase name="Fixed Accessibility Tests › OrangeHRM login page should generate accessibility report" classname="accessibility/fixed-accessibilityTest.spec.js" time="3.8">
<system-out>
<![CDATA[Accessibility violations: [
  {
    type: [32m'html-lang'[39m,
    message: [32m'Document language not specified'[39m,
    severity: [32m'serious'[39m,
    element: { tagName: [32m'html'[39m, selector: [32m'html'[39m }
  }
]
]]>
</system-out>
</testcase>
<testcase name="Fixed Accessibility Tests › OrangeHRM dashboard should generate accessibility report" classname="accessibility/fixed-accessibilityTest.spec.js" time="4.151">
<properties>
<property name="skip" value="">
</property>
</properties>
<skipped>
</skipped>
</testcase>
<testcase name="Fixed Accessibility Tests › OrangeHRM login form should be accessible" classname="accessibility/fixed-accessibilityTest.spec.js" time="3.541">
</testcase>
</testsuite>
<testsuite name="core/authentication.spec.js" timestamp="2025-06-19T16:42:03.966Z" hostname="chromium" tests="3" failures="0" skipped="0" time="14.117" errors="0">
<testcase name="Authentication › should login with valid credentials" classname="core/authentication.spec.js" time="4.736">
</testcase>
<testcase name="Authentication › should show error with invalid credentials" classname="core/authentication.spec.js" time="4.703">
</testcase>
<testcase name="Authentication › should require username and password" classname="core/authentication.spec.js" time="4.678">
</testcase>
</testsuite>
<testsuite name="core/form-validation.spec.js" timestamp="2025-06-19T16:42:03.966Z" hostname="chromium" tests="3" failures="0" skipped="0" time="14.242" errors="0">
<testcase name="Form Validation › should validate required fields" classname="core/form-validation.spec.js" time="4.696">
</testcase>
<testcase name="Form Validation › should validate input format" classname="core/form-validation.spec.js" time="4.741">
</testcase>
<testcase name="Form Validation › should accept valid form submission" classname="core/form-validation.spec.js" time="4.805">
</testcase>
</testsuite>
<testsuite name="core/framework-validation.spec.js" timestamp="2025-06-19T16:42:03.966Z" hostname="chromium" tests="1" failures="0" skipped="0" time="1.165" errors="0">
<testcase name="Framework Validation › Framework validation test" classname="core/framework-validation.spec.js" time="1.165">
</testcase>
</testsuite>
<testsuite name="core/navigation.spec.js" timestamp="2025-06-19T16:42:03.966Z" hostname="chromium" tests="4" failures="0" skipped="0" time="17.187" errors="0">
<testcase name="Navigation › should navigate to Checkboxes page" classname="core/navigation.spec.js" time="4.169">
</testcase>
<testcase name="Navigation › should navigate to Dropdown page" classname="core/navigation.spec.js" time="4.183">
</testcase>
<testcase name="Navigation › should navigate to Form Authentication page" classname="core/navigation.spec.js" time="4.462">
</testcase>
<testcase name="Navigation › should navigate back to home page" classname="core/navigation.spec.js" time="4.373">
</testcase>
</testsuite>
<testsuite name="core/orangehrm-tests.spec.js" timestamp="2025-06-19T16:42:03.966Z" hostname="chromium" tests="7" failures="0" skipped="7" time="1.793" errors="0">
<testcase name="OrangeHRM Authentication › should login with valid credentials" classname="core/orangehrm-tests.spec.js" time="0.236">
<properties>
<property name="skip" value="OrangeHRM tests are skipped due to site availability issues">
</property>
</properties>
<skipped>
</skipped>
</testcase>
<testcase name="OrangeHRM Authentication › should logout successfully" classname="core/orangehrm-tests.spec.js" time="0.238">
<properties>
<property name="skip" value="OrangeHRM tests are skipped due to site availability issues">
</property>
</properties>
<skipped>
</skipped>
</testcase>
<testcase name="OrangeHRM Navigation › should navigate to Admin page" classname="core/orangehrm-tests.spec.js" time="0.246">
<properties>
<property name="skip" value="OrangeHRM tests are skipped due to site availability issues">
</property>
</properties>
<skipped>
</skipped>
</testcase>
<testcase name="OrangeHRM Navigation › should navigate to PIM page" classname="core/orangehrm-tests.spec.js" time="0.265">
<properties>
<property name="skip" value="OrangeHRM tests are skipped due to site availability issues">
</property>
</properties>
<skipped>
</skipped>
</testcase>
<testcase name="OrangeHRM Navigation › should navigate back to Dashboard" classname="core/orangehrm-tests.spec.js" time="0.244">
<properties>
<property name="skip" value="OrangeHRM tests are skipped due to site availability issues">
</property>
</properties>
<skipped>
</skipped>
</testcase>
<testcase name="OrangeHRM Form Validation › should validate password strength in Add User form" classname="core/orangehrm-tests.spec.js" time="0.261">
<properties>
<property name="skip" value="OrangeHRM tests are skipped due to site availability issues">
</property>
</properties>
<skipped>
</skipped>
</testcase>
<testcase name="OrangeHRM Form Validation › should validate password confirmation in Add User form" classname="core/orangehrm-tests.spec.js" time="0.303">
<properties>
<property name="skip" value="OrangeHRM tests are skipped due to site availability issues">
</property>
</properties>
<skipped>
</skipped>
</testcase>
</testsuite>
<testsuite name="examples/flaky-test-example.spec.js" timestamp="2025-06-19T16:42:03.966Z" hostname="chromium" tests="3" failures="0" skipped="0" time="3.189" errors="0">
<testcase name="Flaky Test Examples › flaky test with annotation" classname="examples/flaky-test-example.spec.js" time="1.079">
<properties>
<property name="flaky" value="This test is known to be flaky">
</property>
</properties>
</testcase>
<testcase name="Flaky Test Examples › test that might be quarantined automatically" classname="examples/flaky-test-example.spec.js" time="1.03">
</testcase>
<testcase name="Flaky Test Examples › manually skipped test if needed" classname="examples/flaky-test-example.spec.js" time="1.08">
</testcase>
</testsuite>
<testsuite name="framework-validation.spec.js" timestamp="2025-06-19T16:42:03.966Z" hostname="chromium" tests="1" failures="0" skipped="0" time="0.387" errors="0">
<testcase name="Framework Validation › Framework validation test" classname="framework-validation.spec.js" time="0.387">
</testcase>
</testsuite>
<testsuite name="integration/jira-integration.spec.js" timestamp="2025-06-19T16:42:03.966Z" hostname="chromium" tests="2" failures="0" skipped="2" time="0" errors="0">
<testcase name="Jira API Integration › should search for issues using JQL @JIRA-123" classname="integration/jira-integration.spec.js" time="0">
<properties>
<property name="skip" value="">
</property>
</properties>
<skipped>
</skipped>
</testcase>
<testcase name="Jira API Integration › should get issue details @JIRA-124" classname="integration/jira-integration.spec.js" time="0">
<properties>
<property name="skip" value="">
</property>
</properties>
<skipped>
</skipped>
</testcase>
</testsuite>
<testsuite name="integration/salesforce-objects.spec.js" timestamp="2025-06-19T16:42:03.966Z" hostname="chromium" tests="2" failures="0" skipped="2" time="0" errors="0">
<testcase name="Salesforce Objects Integration › should get object metadata @SF-123" classname="integration/salesforce-objects.spec.js" time="0">
<properties>
<property name="skip" value="">
</property>
</properties>
<skipped>
</skipped>
</testcase>
<testcase name="Salesforce Objects Integration › should create and retrieve test case @SF-124" classname="integration/salesforce-objects.spec.js" time="0">
<properties>
<property name="skip" value="">
</property>
</properties>
<skipped>
</skipped>
</testcase>
</testsuite>
<testsuite name="integration/testrail-example.spec.js" timestamp="2025-06-19T16:42:03.966Z" hostname="chromium" tests="1" failures="0" skipped="1" time="0" errors="0">
<testcase name="TestRail Integration › Execute TestRail test case" classname="integration/testrail-example.spec.js" time="0">
<properties>
<property name="skip" value="">
</property>
</properties>
<skipped>
</skipped>
</testcase>
</testsuite>
<testsuite name="reporting/reportingUtils.spec.js" timestamp="2025-06-19T16:42:03.966Z" hostname="chromium" tests="1" failures="0" skipped="0" time="0.009" errors="0">
<testcase name="Reporting Utilities › should process Playwright results" classname="reporting/reportingUtils.spec.js" time="0.009">
</testcase>
</testsuite>
<testsuite name="reporting/simple.spec.js" timestamp="2025-06-19T16:42:03.966Z" hostname="chromium" tests="1" failures="0" skipped="0" time="0.001" errors="0">
<testcase name="Simple Test › should pass" classname="reporting/simple.spec.js" time="0.001">
</testcase>
</testsuite>
<testsuite name="accessibility/accessibility.spec.js" timestamp="2025-06-19T16:42:03.966Z" hostname="firefox" tests="3" failures="0" skipped="1" time="13.549" errors="0">
<testcase name="Accessibility Tests › login page should not have critical accessibility violations" classname="accessibility/accessibility.spec.js" time="4.554">
<system-out>
<![CDATA[Critical violations: []
]]>
</system-out>
</testcase>
<testcase name="Accessibility Tests › dashboard should not have critical accessibility violations" classname="accessibility/accessibility.spec.js" time="4.444">
<properties>
<property name="skip" value="">
</property>
</properties>
<skipped>
</skipped>
</testcase>
<testcase name="Accessibility Tests › login page should pass specific accessibility rules" classname="accessibility/accessibility.spec.js" time="4.551">
</testcase>
</testsuite>
<testsuite name="accessibility/fixed-accessibilityTest.spec.js" timestamp="2025-06-19T16:42:03.966Z" hostname="firefox" tests="3" failures="0" skipped="1" time="12.513" errors="0">
<testcase name="Fixed Accessibility Tests › OrangeHRM login page should generate accessibility report" classname="accessibility/fixed-accessibilityTest.spec.js" time="4.726">
<system-out>
<![CDATA[Accessibility violations: [
  {
    type: [32m'html-lang'[39m,
    message: [32m'Document language not specified'[39m,
    severity: [32m'serious'[39m,
    element: { tagName: [32m'html'[39m, selector: [32m'html'[39m }
  }
]
]]>
</system-out>
</testcase>
<testcase name="Fixed Accessibility Tests › OrangeHRM dashboard should generate accessibility report" classname="accessibility/fixed-accessibilityTest.spec.js" time="4.22">
<properties>
<property name="skip" value="">
</property>
</properties>
<skipped>
</skipped>
</testcase>
<testcase name="Fixed Accessibility Tests › OrangeHRM login form should be accessible" classname="accessibility/fixed-accessibilityTest.spec.js" time="3.567">
</testcase>
</testsuite>
<testsuite name="core/authentication.spec.js" timestamp="2025-06-19T16:42:03.966Z" hostname="firefox" tests="3" failures="0" skipped="0" time="15.182" errors="0">
<testcase name="Authentication › should login with valid credentials" classname="core/authentication.spec.js" time="4.791">
</testcase>
<testcase name="Authentication › should show error with invalid credentials" classname="core/authentication.spec.js" time="5.354">
</testcase>
<testcase name="Authentication › should require username and password" classname="core/authentication.spec.js" time="5.037">
</testcase>
</testsuite>
<testsuite name="core/form-validation.spec.js" timestamp="2025-06-19T16:42:03.966Z" hostname="firefox" tests="3" failures="0" skipped="0" time="14.621" errors="0">
<testcase name="Form Validation › should validate required fields" classname="core/form-validation.spec.js" time="4.974">
</testcase>
<testcase name="Form Validation › should validate input format" classname="core/form-validation.spec.js" time="4.936">
</testcase>
<testcase name="Form Validation › should accept valid form submission" classname="core/form-validation.spec.js" time="4.711">
</testcase>
</testsuite>
<testsuite name="core/framework-validation.spec.js" timestamp="2025-06-19T16:42:03.966Z" hostname="firefox" tests="1" failures="0" skipped="0" time="1.208" errors="0">
<testcase name="Framework Validation › Framework validation test" classname="core/framework-validation.spec.js" time="1.208">
</testcase>
</testsuite>
<testsuite name="core/navigation.spec.js" timestamp="2025-06-19T16:42:03.966Z" hostname="firefox" tests="4" failures="0" skipped="0" time="18.319" errors="0">
<testcase name="Navigation › should navigate to Checkboxes page" classname="core/navigation.spec.js" time="4.439">
</testcase>
<testcase name="Navigation › should navigate to Dropdown page" classname="core/navigation.spec.js" time="4.791">
</testcase>
<testcase name="Navigation › should navigate to Form Authentication page" classname="core/navigation.spec.js" time="4.618">
</testcase>
<testcase name="Navigation › should navigate back to home page" classname="core/navigation.spec.js" time="4.471">
</testcase>
</testsuite>
<testsuite name="core/orangehrm-tests.spec.js" timestamp="2025-06-19T16:42:03.966Z" hostname="firefox" tests="7" failures="0" skipped="7" time="1.677" errors="0">
<testcase name="OrangeHRM Authentication › should login with valid credentials" classname="core/orangehrm-tests.spec.js" time="0.224">
<properties>
<property name="skip" value="OrangeHRM tests are skipped due to site availability issues">
</property>
</properties>
<skipped>
</skipped>
</testcase>
<testcase name="OrangeHRM Authentication › should logout successfully" classname="core/orangehrm-tests.spec.js" time="0.235">
<properties>
<property name="skip" value="OrangeHRM tests are skipped due to site availability issues">
</property>
</properties>
<skipped>
</skipped>
</testcase>
<testcase name="OrangeHRM Navigation › should navigate to Admin page" classname="core/orangehrm-tests.spec.js" time="0.24">
<properties>
<property name="skip" value="OrangeHRM tests are skipped due to site availability issues">
</property>
</properties>
<skipped>
</skipped>
</testcase>
<testcase name="OrangeHRM Navigation › should navigate to PIM page" classname="core/orangehrm-tests.spec.js" time="0.231">
<properties>
<property name="skip" value="OrangeHRM tests are skipped due to site availability issues">
</property>
</properties>
<skipped>
</skipped>
</testcase>
<testcase name="OrangeHRM Navigation › should navigate back to Dashboard" classname="core/orangehrm-tests.spec.js" time="0.229">
<properties>
<property name="skip" value="OrangeHRM tests are skipped due to site availability issues">
</property>
</properties>
<skipped>
</skipped>
</testcase>
<testcase name="OrangeHRM Form Validation › should validate password strength in Add User form" classname="core/orangehrm-tests.spec.js" time="0.252">
<properties>
<property name="skip" value="OrangeHRM tests are skipped due to site availability issues">
</property>
</properties>
<skipped>
</skipped>
</testcase>
<testcase name="OrangeHRM Form Validation › should validate password confirmation in Add User form" classname="core/orangehrm-tests.spec.js" time="0.266">
<properties>
<property name="skip" value="OrangeHRM tests are skipped due to site availability issues">
</property>
</properties>
<skipped>
</skipped>
</testcase>
</testsuite>
<testsuite name="examples/flaky-test-example.spec.js" timestamp="2025-06-19T16:42:03.966Z" hostname="firefox" tests="3" failures="0" skipped="0" time="2.971" errors="0">
<testcase name="Flaky Test Examples › flaky test with annotation" classname="examples/flaky-test-example.spec.js" time="0.975">
<properties>
<property name="flaky" value="This test is known to be flaky">
</property>
</properties>
</testcase>
<testcase name="Flaky Test Examples › test that might be quarantined automatically" classname="examples/flaky-test-example.spec.js" time="0.987">
</testcase>
<testcase name="Flaky Test Examples › manually skipped test if needed" classname="examples/flaky-test-example.spec.js" time="1.009">
</testcase>
</testsuite>
<testsuite name="framework-validation.spec.js" timestamp="2025-06-19T16:42:03.966Z" hostname="firefox" tests="1" failures="0" skipped="0" time="0.314" errors="0">
<testcase name="Framework Validation › Framework validation test" classname="framework-validation.spec.js" time="0.314">
</testcase>
</testsuite>
<testsuite name="integration/jira-integration.spec.js" timestamp="2025-06-19T16:42:03.966Z" hostname="firefox" tests="2" failures="0" skipped="2" time="0" errors="0">
<testcase name="Jira API Integration › should search for issues using JQL @JIRA-123" classname="integration/jira-integration.spec.js" time="0">
<properties>
<property name="skip" value="">
</property>
</properties>
<skipped>
</skipped>
</testcase>
<testcase name="Jira API Integration › should get issue details @JIRA-124" classname="integration/jira-integration.spec.js" time="0">
<properties>
<property name="skip" value="">
</property>
</properties>
<skipped>
</skipped>
</testcase>
</testsuite>
<testsuite name="integration/salesforce-objects.spec.js" timestamp="2025-06-19T16:42:03.966Z" hostname="firefox" tests="2" failures="0" skipped="2" time="0" errors="0">
<testcase name="Salesforce Objects Integration › should get object metadata @SF-123" classname="integration/salesforce-objects.spec.js" time="0">
<properties>
<property name="skip" value="">
</property>
</properties>
<skipped>
</skipped>
</testcase>
<testcase name="Salesforce Objects Integration › should create and retrieve test case @SF-124" classname="integration/salesforce-objects.spec.js" time="0">
<properties>
<property name="skip" value="">
</property>
</properties>
<skipped>
</skipped>
</testcase>
</testsuite>
<testsuite name="integration/testrail-example.spec.js" timestamp="2025-06-19T16:42:03.966Z" hostname="firefox" tests="1" failures="0" skipped="1" time="0" errors="0">
<testcase name="TestRail Integration › Execute TestRail test case" classname="integration/testrail-example.spec.js" time="0">
<properties>
<property name="skip" value="">
</property>
</properties>
<skipped>
</skipped>
</testcase>
</testsuite>
<testsuite name="reporting/reportingUtils.spec.js" timestamp="2025-06-19T16:42:03.966Z" hostname="firefox" tests="1" failures="0" skipped="0" time="0.004" errors="0">
<testcase name="Reporting Utilities › should process Playwright results" classname="reporting/reportingUtils.spec.js" time="0.004">
</testcase>
</testsuite>
<testsuite name="reporting/simple.spec.js" timestamp="2025-06-19T16:42:03.966Z" hostname="firefox" tests="1" failures="0" skipped="0" time="0.001" errors="0">
<testcase name="Simple Test › should pass" classname="reporting/simple.spec.js" time="0.001">
</testcase>
</testsuite>
<testsuite name="accessibility/accessibility.spec.js" timestamp="2025-06-19T16:42:03.966Z" hostname="webkit" tests="3" failures="0" skipped="1" time="12.69" errors="0">
<testcase name="Accessibility Tests › login page should not have critical accessibility violations" classname="accessibility/accessibility.spec.js" time="4.233">
<system-out>
<![CDATA[Critical violations: []
]]>
</system-out>
</testcase>
<testcase name="Accessibility Tests › dashboard should not have critical accessibility violations" classname="accessibility/accessibility.spec.js" time="4.199">
<properties>
<property name="skip" value="">
</property>
</properties>
<skipped>
</skipped>
</testcase>
<testcase name="Accessibility Tests › login page should pass specific accessibility rules" classname="accessibility/accessibility.spec.js" time="4.258">
</testcase>
</testsuite>
<testsuite name="accessibility/fixed-accessibilityTest.spec.js" timestamp="2025-06-19T16:42:03.966Z" hostname="webkit" tests="3" failures="0" skipped="1" time="11.431" errors="0">
<testcase name="Fixed Accessibility Tests › OrangeHRM login page should generate accessibility report" classname="accessibility/fixed-accessibilityTest.spec.js" time="3.998">
<system-out>
<![CDATA[Accessibility violations: [
  {
    type: [32m'html-lang'[39m,
    message: [32m'Document language not specified'[39m,
    severity: [32m'serious'[39m,
    element: { tagName: [32m'html'[39m, selector: [32m'html'[39m }
  }
]
]]>
</system-out>
</testcase>
<testcase name="Fixed Accessibility Tests › OrangeHRM dashboard should generate accessibility report" classname="accessibility/fixed-accessibilityTest.spec.js" time="3.733">
<properties>
<property name="skip" value="">
</property>
</properties>
<skipped>
</skipped>
</testcase>
<testcase name="Fixed Accessibility Tests › OrangeHRM login form should be accessible" classname="accessibility/fixed-accessibilityTest.spec.js" time="3.7">
</testcase>
</testsuite>
<testsuite name="core/authentication.spec.js" timestamp="2025-06-19T16:42:03.966Z" hostname="webkit" tests="3" failures="0" skipped="0" time="15.91" errors="0">
<testcase name="Authentication › should login with valid credentials" classname="core/authentication.spec.js" time="5.389">
</testcase>
<testcase name="Authentication › should show error with invalid credentials" classname="core/authentication.spec.js" time="5.255">
</testcase>
<testcase name="Authentication › should require username and password" classname="core/authentication.spec.js" time="5.266">
</testcase>
</testsuite>
<testsuite name="core/form-validation.spec.js" timestamp="2025-06-19T16:42:03.966Z" hostname="webkit" tests="3" failures="0" skipped="0" time="15.698" errors="0">
<testcase name="Form Validation › should validate required fields" classname="core/form-validation.spec.js" time="5.218">
</testcase>
<testcase name="Form Validation › should validate input format" classname="core/form-validation.spec.js" time="5.14">
</testcase>
<testcase name="Form Validation › should accept valid form submission" classname="core/form-validation.spec.js" time="5.34">
</testcase>
</testsuite>
<testsuite name="core/framework-validation.spec.js" timestamp="2025-06-19T16:42:03.966Z" hostname="webkit" tests="1" failures="0" skipped="0" time="0.873" errors="0">
<testcase name="Framework Validation › Framework validation test" classname="core/framework-validation.spec.js" time="0.873">
</testcase>
</testsuite>
<testsuite name="core/navigation.spec.js" timestamp="2025-06-19T16:42:03.966Z" hostname="webkit" tests="4" failures="0" skipped="0" time="18.306" errors="0">
<testcase name="Navigation › should navigate to Checkboxes page" classname="core/navigation.spec.js" time="4.375">
</testcase>
<testcase name="Navigation › should navigate to Dropdown page" classname="core/navigation.spec.js" time="4.236">
</testcase>
<testcase name="Navigation › should navigate to Form Authentication page" classname="core/navigation.spec.js" time="5.466">
</testcase>
<testcase name="Navigation › should navigate back to home page" classname="core/navigation.spec.js" time="4.229">
</testcase>
</testsuite>
<testsuite name="core/orangehrm-tests.spec.js" timestamp="2025-06-19T16:42:03.966Z" hostname="webkit" tests="7" failures="0" skipped="7" time="1.518" errors="0">
<testcase name="OrangeHRM Authentication › should login with valid credentials" classname="core/orangehrm-tests.spec.js" time="0.216">
<properties>
<property name="skip" value="OrangeHRM tests are skipped due to site availability issues">
</property>
</properties>
<skipped>
</skipped>
</testcase>
<testcase name="OrangeHRM Authentication › should logout successfully" classname="core/orangehrm-tests.spec.js" time="0.201">
<properties>
<property name="skip" value="OrangeHRM tests are skipped due to site availability issues">
</property>
</properties>
<skipped>
</skipped>
</testcase>
<testcase name="OrangeHRM Navigation › should navigate to Admin page" classname="core/orangehrm-tests.spec.js" time="0.21">
<properties>
<property name="skip" value="OrangeHRM tests are skipped due to site availability issues">
</property>
</properties>
<skipped>
</skipped>
</testcase>
<testcase name="OrangeHRM Navigation › should navigate to PIM page" classname="core/orangehrm-tests.spec.js" time="0.209">
<properties>
<property name="skip" value="OrangeHRM tests are skipped due to site availability issues">
</property>
</properties>
<skipped>
</skipped>
</testcase>
<testcase name="OrangeHRM Navigation › should navigate back to Dashboard" classname="core/orangehrm-tests.spec.js" time="0.222">
<properties>
<property name="skip" value="OrangeHRM tests are skipped due to site availability issues">
</property>
</properties>
<skipped>
</skipped>
</testcase>
<testcase name="OrangeHRM Form Validation › should validate password strength in Add User form" classname="core/orangehrm-tests.spec.js" time="0.222">
<properties>
<property name="skip" value="OrangeHRM tests are skipped due to site availability issues">
</property>
</properties>
<skipped>
</skipped>
</testcase>
<testcase name="OrangeHRM Form Validation › should validate password confirmation in Add User form" classname="core/orangehrm-tests.spec.js" time="0.238">
<properties>
<property name="skip" value="OrangeHRM tests are skipped due to site availability issues">
</property>
</properties>
<skipped>
</skipped>
</testcase>
</testsuite>
<testsuite name="examples/flaky-test-example.spec.js" timestamp="2025-06-19T16:42:03.966Z" hostname="webkit" tests="3" failures="0" skipped="0" time="2.725" errors="0">
<testcase name="Flaky Test Examples › flaky test with annotation" classname="examples/flaky-test-example.spec.js" time="0.915">
<properties>
<property name="flaky" value="This test is known to be flaky">
</property>
</properties>
</testcase>
<testcase name="Flaky Test Examples › test that might be quarantined automatically" classname="examples/flaky-test-example.spec.js" time="0.897">
</testcase>
<testcase name="Flaky Test Examples › manually skipped test if needed" classname="examples/flaky-test-example.spec.js" time="0.913">
</testcase>
</testsuite>
<testsuite name="framework-validation.spec.js" timestamp="2025-06-19T16:42:03.966Z" hostname="webkit" tests="1" failures="0" skipped="0" time="0.171" errors="0">
<testcase name="Framework Validation › Framework validation test" classname="framework-validation.spec.js" time="0.171">
</testcase>
</testsuite>
<testsuite name="integration/jira-integration.spec.js" timestamp="2025-06-19T16:42:03.966Z" hostname="webkit" tests="2" failures="0" skipped="2" time="0" errors="0">
<testcase name="Jira API Integration › should search for issues using JQL @JIRA-123" classname="integration/jira-integration.spec.js" time="0">
<properties>
<property name="skip" value="">
</property>
</properties>
<skipped>
</skipped>
</testcase>
<testcase name="Jira API Integration › should get issue details @JIRA-124" classname="integration/jira-integration.spec.js" time="0">
<properties>
<property name="skip" value="">
</property>
</properties>
<skipped>
</skipped>
</testcase>
</testsuite>
<testsuite name="integration/salesforce-objects.spec.js" timestamp="2025-06-19T16:42:03.966Z" hostname="webkit" tests="2" failures="0" skipped="2" time="0" errors="0">
<testcase name="Salesforce Objects Integration › should get object metadata @SF-123" classname="integration/salesforce-objects.spec.js" time="0">
<properties>
<property name="skip" value="">
</property>
</properties>
<skipped>
</skipped>
</testcase>
<testcase name="Salesforce Objects Integration › should create and retrieve test case @SF-124" classname="integration/salesforce-objects.spec.js" time="0">
<properties>
<property name="skip" value="">
</property>
</properties>
<skipped>
</skipped>
</testcase>
</testsuite>
<testsuite name="integration/testrail-example.spec.js" timestamp="2025-06-19T16:42:03.966Z" hostname="webkit" tests="1" failures="0" skipped="1" time="0" errors="0">
<testcase name="TestRail Integration › Execute TestRail test case" classname="integration/testrail-example.spec.js" time="0">
<properties>
<property name="skip" value="">
</property>
</properties>
<skipped>
</skipped>
</testcase>
</testsuite>
<testsuite name="reporting/reportingUtils.spec.js" timestamp="2025-06-19T16:42:03.966Z" hostname="webkit" tests="1" failures="0" skipped="0" time="0.004" errors="0">
<testcase name="Reporting Utilities › should process Playwright results" classname="reporting/reportingUtils.spec.js" time="0.004">
</testcase>
</testsuite>
<testsuite name="reporting/simple.spec.js" timestamp="2025-06-19T16:42:03.966Z" hostname="webkit" tests="1" failures="0" skipped="0" time="0" errors="0">
<testcase name="Simple Test › should pass" classname="reporting/simple.spec.js" time="0">
</testcase>
</testsuite>
<testsuite name="salesforce/salesforce-api-mock.spec.js" timestamp="2025-06-19T16:42:03.966Z" hostname="salesforce" tests="4" failures="0" skipped="0" time="0.038" errors="0">
<testcase name="Salesforce API Mock Tests › should get API limits" classname="salesforce/salesforce-api-mock.spec.js" time="0.008">
<system-out>
<![CDATA[API Limits: {
  "DailyApiRequests": {
    "Max": 15000,
    "Remaining": 14998
  },
  "DailyBulkApiRequests": {
    "Max": 5000,
    "Remaining": 5000
  },
  "DailyGenericStreamingApiEvents": {
    "Max": 10000,
    "Remaining": 10000
  }
}
]]>
</system-out>
</testcase>
<testcase name="Salesforce API Mock Tests › should describe global objects" classname="salesforce/salesforce-api-mock.spec.js" time="0.009">
<system-out>
<![CDATA[Objects: [ [32m'Account'[39m, [32m'Contact'[39m ]
]]>
</system-out>
</testcase>
<testcase name="Salesforce API Mock Tests › should describe Contact object" classname="salesforce/salesforce-api-mock.spec.js" time="0.01">
<system-out>
<![CDATA[Contact Fields: [ [32m'Id'[39m, [32m'FirstName'[39m, [32m'LastName'[39m, [32m'Email'[39m, [32m'Phone'[39m ]
]]>
</system-out>
</testcase>
<testcase name="Salesforce API Mock Tests › should extract Contact metadata to file" classname="salesforce/salesforce-api-mock.spec.js" time="0.011">
<system-out>
<![CDATA[Contact metadata extracted to /Users/mzahirudeen/Desktop/AgentSync/Client Deliverable/AgentSyncProfessionalServices/temp/contact-metadata-mock.json
]]>
</system-out>
</testcase>
</testsuite>
<testsuite name="salesforce/salesforce-api.spec.js" timestamp="2025-06-19T16:42:03.966Z" hostname="salesforce" tests="4" failures="0" skipped="4" time="0" errors="0">
<testcase name="Salesforce API Tests › should get API limits" classname="salesforce/salesforce-api.spec.js" time="0">
<properties>
<property name="skip" value="No access token available">
</property>
</properties>
<skipped>
</skipped>
</testcase>
<testcase name="Salesforce API Tests › should describe global objects" classname="salesforce/salesforce-api.spec.js" time="0">
<properties>
<property name="skip" value="No access token available">
</property>
</properties>
<skipped>
</skipped>
</testcase>
<testcase name="Salesforce API Tests › should describe Contact object" classname="salesforce/salesforce-api.spec.js" time="0">
<properties>
<property name="skip" value="No access token available">
</property>
</properties>
<skipped>
</skipped>
</testcase>
<testcase name="Salesforce API Tests › should extract Contact metadata to file" classname="salesforce/salesforce-api.spec.js" time="0">
<properties>
<property name="skip" value="No access token available">
</property>
</properties>
<skipped>
</skipped>
</testcase>
</testsuite>
<testsuite name="salesforce/salesforce-login.spec.js" timestamp="2025-06-19T16:42:03.966Z" hostname="salesforce" tests="1" failures="0" skipped="0" time="18.47" errors="0">
<testcase name="Salesforce Login Test › should login to Salesforce successfully" classname="salesforce/salesforce-login.spec.js" time="18.47">
<system-out>
<![CDATA[Current page title: Verify Your Identity | Salesforce
Current URL: https://wise-koala-a44c19-dev-ed.trailblaze.my.salesforce.com/_ui/identity/verification/method/SmsVerificationFinishUi/e?vcsrf=Yb42qMyJGK5G6BShbad4vbgMKIPeqDJ_lsefi-UQH5jHAOyVZd5AAbkl3q2Op5Hh5gz2DeawocRyC-3oDBV0dVBTp1bUAEgJ6vD5V8Pw1WtqxBZ0mPc7WVzaBS-rydUM7Uxwuch0iZjTZCRe0Vf2QQOukR-mleEqi6reSa9d1-AHKWukN9NBx4KFRlNfWBc-EDYsdFZIAnPotz-xgwuy7jp3HIL-43YOAnge1QXlofLfhb14rAYYb7jKwaRsRBNucoj88j-tO2SuacVEFreJK7pzJSK5B0SuLmtLkmA7ChybDEskDtZGopYkej1zAqjiVNySSvo2cYfBCjSewOBMzXcUqripi3XcNO9W3uJdvEjNAFk9EFInpeifqNsrIkMxIjRBqpN9yGIQ4B8kkoofgx16jl6SK-6gZbi-a50AHIsEg8NnLmujYYqVSpkqPHyzsX-oOz2MftwOZ8JwFaOrKkTaRZOujCbYT3XzeJJj36VMYlbMP7lkw6_buADeX7uBigjC49X8CyvL6VBpzquj-pAFM9PPo0WD-nH_wU9p3vtHTGKkMDUzQzHztEuK2Xudh60WhQynoJNEVS51TFaV8lAjGcLhBaQO0GncS3DGzrnXAKQblYoHTK47bJ0u_SHSR4j_DzNXZQbDDKgobuVK5w6FqKzaSgK96SmHYlcb3VU%3D&vpol=ic&vflid=0&vfgrp=56425909&retURL=%2Fsecur%2Ffrontdoor.jsp%3Fallp%3D1%26cshc%3DL00000GHB89L00000OHE3z%26apv%3D1%26display%3Dpage%26ucs%3D1
✅ Successfully logged in to Salesforce and saved authentication state
]]>
</system-out>
</testcase>
</testsuite>
<testsuite name="salesforce/salesforce-simple-contact.spec.js" timestamp="2025-06-19T16:42:03.966Z" hostname="salesforce" tests="1" failures="0" skipped="1" time="0" errors="0">
<testcase name="Salesforce Simple Contact Test › should navigate to contacts list" classname="salesforce/salesforce-simple-contact.spec.js" time="0">
<properties>
<property name="skip" value="">
</property>
</properties>
<skipped>
</skipped>
</testcase>
</testsuite>
<testsuite name="api/rest/create-user.spec.js" timestamp="2025-06-19T16:42:03.966Z" hostname="api" tests="5" failures="0" skipped="0" time="2.648" errors="0">
<testcase name="Create User API Tests › Create new user with valid data" classname="api/rest/create-user.spec.js" time="0.553">
</testcase>
<testcase name="Create User API Tests › Create user with minimal data" classname="api/rest/create-user.spec.js" time="0.527">
</testcase>
<testcase name="Create User API Tests › Update user with PUT request" classname="api/rest/create-user.spec.js" time="0.555">
</testcase>
<testcase name="Create User API Tests › Update user with PATCH request" classname="api/rest/create-user.spec.js" time="0.61">
</testcase>
<testcase name="Create User API Tests › Delete user" classname="api/rest/create-user.spec.js" time="0.403">
</testcase>
</testsuite>
<testsuite name="api/rest/data-driven-api.spec.js" timestamp="2025-06-19T16:42:03.966Z" hostname="api" tests="12" failures="0" skipped="0" time="1.754" errors="0">
<testcase name="Data-Driven API Tests › Create user: User 1 - Job 1" classname="api/rest/data-driven-api.spec.js" time="0.404">
</testcase>
<testcase name="Data-Driven API Tests › Create user: User 2 - Job 2" classname="api/rest/data-driven-api.spec.js" time="0.407">
</testcase>
<testcase name="Data-Driven API Tests › Create user: User 3 - Job 3" classname="api/rest/data-driven-api.spec.js" time="0.443">
</testcase>
<testcase name="Data-Driven API Tests › Get user with ID: 1" classname="api/rest/data-driven-api.spec.js" time="0.122">
</testcase>
<testcase name="Data-Driven API Tests › Get user with ID: 2" classname="api/rest/data-driven-api.spec.js" time="0.034">
</testcase>
<testcase name="Data-Driven API Tests › Get user with ID: 3" classname="api/rest/data-driven-api.spec.js" time="0.077">
</testcase>
<testcase name="Data-Driven API Tests › Get user with ID: 23" classname="api/rest/data-driven-api.spec.js" time="0.056">
</testcase>
<testcase name="Data-Driven API Tests › Get users from page 1" classname="api/rest/data-driven-api.spec.js" time="0.032">
</testcase>
<testcase name="Data-Driven API Tests › Get users from page 2" classname="api/rest/data-driven-api.spec.js" time="0.037">
</testcase>
<testcase name="Data-Driven API Tests › Get users from page 3" classname="api/rest/data-driven-api.spec.js" time="0.039">
</testcase>
<testcase name="Data-Driven API Tests › API with page=1" classname="api/rest/data-driven-api.spec.js" time="0.036">
</testcase>
<testcase name="Data-Driven API Tests › API with per_page=3" classname="api/rest/data-driven-api.spec.js" time="0.067">
</testcase>
</testsuite>
<testsuite name="api/rest/fixed-reqres-api.spec.js" timestamp="2025-06-19T16:42:03.966Z" hostname="api" tests="4" failures="0" skipped="0" time="0.586" errors="0">
<testcase name="ReqRes API with Schema Validation › Get users list with schema validation" classname="api/rest/fixed-reqres-api.spec.js" time="0.067">
</testcase>
<testcase name="ReqRes API with Schema Validation › Get single user with schema validation" classname="api/rest/fixed-reqres-api.spec.js" time="0.062">
</testcase>
<testcase name="ReqRes API with Schema Validation › Create user with schema validation" classname="api/rest/fixed-reqres-api.spec.js" time="0.428">
</testcase>
<testcase name="ReqRes API with Schema Validation › Validate error response for non-existent resource" classname="api/rest/fixed-reqres-api.spec.js" time="0.029">
</testcase>
</testsuite>
<testsuite name="api/rest/user-api.spec.js" timestamp="2025-06-19T16:42:03.966Z" hostname="api" tests="4" failures="0" skipped="0" time="0.122" errors="0">
<testcase name="User API Tests › Get list of users" classname="api/rest/user-api.spec.js" time="0.037">
</testcase>
<testcase name="User API Tests › Get single user by ID" classname="api/rest/user-api.spec.js" time="0.032">
</testcase>
<testcase name="User API Tests › Get non-existent user returns 404" classname="api/rest/user-api.spec.js" time="0.023">
</testcase>
<testcase name="User API Tests › Get user resources" classname="api/rest/user-api.spec.js" time="0.03">
</testcase>
</testsuite>
<testsuite name="accessibility/accessibility.spec.js" timestamp="2025-06-19T16:42:03.966Z" hostname="accessibility" tests="3" failures="0" skipped="1" time="10.737" errors="0">
<testcase name="Accessibility Tests › login page should not have critical accessibility violations" classname="accessibility/accessibility.spec.js" time="3.606">
<system-out>
<![CDATA[Critical violations: []
]]>
</system-out>
</testcase>
<testcase name="Accessibility Tests › dashboard should not have critical accessibility violations" classname="accessibility/accessibility.spec.js" time="3.565">
<properties>
<property name="skip" value="">
</property>
</properties>
<skipped>
</skipped>
</testcase>
<testcase name="Accessibility Tests › login page should pass specific accessibility rules" classname="accessibility/accessibility.spec.js" time="3.566">
</testcase>
</testsuite>
<testsuite name="accessibility/fixed-accessibilityTest.spec.js" timestamp="2025-06-19T16:42:03.966Z" hostname="accessibility" tests="3" failures="0" skipped="1" time="10.609" errors="0">
<testcase name="Fixed Accessibility Tests › OrangeHRM login page should generate accessibility report" classname="accessibility/fixed-accessibilityTest.spec.js" time="3.42">
<system-out>
<![CDATA[Accessibility violations: [
  {
    type: [32m'html-lang'[39m,
    message: [32m'Document language not specified'[39m,
    severity: [32m'serious'[39m,
    element: { tagName: [32m'html'[39m, selector: [32m'html'[39m }
  }
]
]]>
</system-out>
</testcase>
<testcase name="Fixed Accessibility Tests › OrangeHRM dashboard should generate accessibility report" classname="accessibility/fixed-accessibilityTest.spec.js" time="3.747">
<properties>
<property name="skip" value="">
</property>
</properties>
<skipped>
</skipped>
</testcase>
<testcase name="Fixed Accessibility Tests › OrangeHRM login form should be accessible" classname="accessibility/fixed-accessibilityTest.spec.js" time="3.442">
</testcase>
</testsuite>
</testsuites>