<testsuites id="" name="" tests="146" failures="0" skipped="49" errors="0" time="81.597442">
<testsuite name="accessibility/accessibility.spec.js" timestamp="2025-06-24T12:51:52.416Z" hostname="chromium" tests="3" failures="0" skipped="1" time="14.468" errors="0">
<testcase name="Accessibility Tests › login page should not have critical accessibility violations" classname="accessibility/accessibility.spec.js" time="4.699">
<system-out>
<![CDATA[Critical violations: []
]]>
</system-out>
</testcase>
<testcase name="Accessibility Tests › dashboard should not have critical accessibility violations" classname="accessibility/accessibility.spec.js" time="4.771">
<properties>
<property name="skip" value="">
</property>
</properties>
<skipped>
</skipped>
</testcase>
<testcase name="Accessibility Tests › login page should pass specific accessibility rules" classname="accessibility/accessibility.spec.js" time="4.998">
</testcase>
</testsuite>
<testsuite name="accessibility/fixed-accessibilityTest.spec.js" timestamp="2025-06-24T12:51:52.416Z" hostname="chromium" tests="3" failures="0" skipped="1" time="13.737" errors="0">
<testcase name="Fixed Accessibility Tests › OrangeHRM login page should generate accessibility report" classname="accessibility/fixed-accessibilityTest.spec.js" time="4.831">
<system-out>
<![CDATA[Accessibility violations: [
  {
    type: [32m'html-lang'[39m,
    message: [32m'Document language not specified'[39m,
    severity: [32m'serious'[39m,
    element: { tagName: [32m'html'[39m, selector: [32m'html'[39m }
  }
]
]]>
</system-out>
</testcase>
<testcase name="Fixed Accessibility Tests › OrangeHRM dashboard should generate accessibility report" classname="accessibility/fixed-accessibilityTest.spec.js" time="5.155">
<properties>
<property name="skip" value="">
</property>
</properties>
<skipped>
</skipped>
</testcase>
<testcase name="Fixed Accessibility Tests › OrangeHRM login form should be accessible" classname="accessibility/fixed-accessibilityTest.spec.js" time="3.751">
</testcase>
</testsuite>
<testsuite name="core/authentication.spec.js" timestamp="2025-06-24T12:51:52.416Z" hostname="chromium" tests="3" failures="0" skipped="0" time="14.628" errors="0">
<testcase name="Authentication › should login with valid credentials" classname="core/authentication.spec.js" time="4.941">
</testcase>
<testcase name="Authentication › should show error with invalid credentials" classname="core/authentication.spec.js" time="4.867">
</testcase>
<testcase name="Authentication › should require username and password" classname="core/authentication.spec.js" time="4.82">
</testcase>
</testsuite>
<testsuite name="core/form-validation.spec.js" timestamp="2025-06-24T12:51:52.416Z" hostname="chromium" tests="3" failures="0" skipped="0" time="14.189" errors="0">
<testcase name="Form Validation › should validate required fields" classname="core/form-validation.spec.js" time="4.702">
</testcase>
<testcase name="Form Validation › should validate input format" classname="core/form-validation.spec.js" time="4.629">
</testcase>
<testcase name="Form Validation › should accept valid form submission" classname="core/form-validation.spec.js" time="4.858">
</testcase>
</testsuite>
<testsuite name="core/framework-validation.spec.js" timestamp="2025-06-24T12:51:52.416Z" hostname="chromium" tests="1" failures="0" skipped="0" time="1.195" errors="0">
<testcase name="Framework Validation › Framework validation test" classname="core/framework-validation.spec.js" time="1.195">
</testcase>
</testsuite>
<testsuite name="core/navigation.spec.js" timestamp="2025-06-24T12:51:52.416Z" hostname="chromium" tests="4" failures="0" skipped="0" time="17.464" errors="0">
<testcase name="Navigation › should navigate to Checkboxes page" classname="core/navigation.spec.js" time="4.315">
</testcase>
<testcase name="Navigation › should navigate to Dropdown page" classname="core/navigation.spec.js" time="4.273">
</testcase>
<testcase name="Navigation › should navigate to Form Authentication page" classname="core/navigation.spec.js" time="4.492">
</testcase>
<testcase name="Navigation › should navigate back to home page" classname="core/navigation.spec.js" time="4.384">
</testcase>
</testsuite>
<testsuite name="core/orangehrm-tests.spec.js" timestamp="2025-06-24T12:51:52.416Z" hostname="chromium" tests="7" failures="0" skipped="7" time="2.406" errors="0">
<testcase name="OrangeHRM Authentication › should login with valid credentials" classname="core/orangehrm-tests.spec.js" time="0.241">
<properties>
<property name="skip" value="OrangeHRM tests are skipped due to site availability issues">
</property>
</properties>
<skipped>
</skipped>
</testcase>
<testcase name="OrangeHRM Authentication › should logout successfully" classname="core/orangehrm-tests.spec.js" time="0.255">
<properties>
<property name="skip" value="OrangeHRM tests are skipped due to site availability issues">
</property>
</properties>
<skipped>
</skipped>
</testcase>
<testcase name="OrangeHRM Navigation › should navigate to Admin page" classname="core/orangehrm-tests.spec.js" time="0.376">
<properties>
<property name="skip" value="OrangeHRM tests are skipped due to site availability issues">
</property>
</properties>
<skipped>
</skipped>
</testcase>
<testcase name="OrangeHRM Navigation › should navigate to PIM page" classname="core/orangehrm-tests.spec.js" time="0.365">
<properties>
<property name="skip" value="OrangeHRM tests are skipped due to site availability issues">
</property>
</properties>
<skipped>
</skipped>
</testcase>
<testcase name="OrangeHRM Navigation › should navigate back to Dashboard" classname="core/orangehrm-tests.spec.js" time="0.372">
<properties>
<property name="skip" value="OrangeHRM tests are skipped due to site availability issues">
</property>
</properties>
<skipped>
</skipped>
</testcase>
<testcase name="OrangeHRM Form Validation › should validate password strength in Add User form" classname="core/orangehrm-tests.spec.js" time="0.404">
<properties>
<property name="skip" value="OrangeHRM tests are skipped due to site availability issues">
</property>
</properties>
<skipped>
</skipped>
</testcase>
<testcase name="OrangeHRM Form Validation › should validate password confirmation in Add User form" classname="core/orangehrm-tests.spec.js" time="0.393">
<properties>
<property name="skip" value="OrangeHRM tests are skipped due to site availability issues">
</property>
</properties>
<skipped>
</skipped>
</testcase>
</testsuite>
<testsuite name="examples/flaky-test-example.spec.js" timestamp="2025-06-24T12:51:52.416Z" hostname="chromium" tests="3" failures="0" skipped="0" time="3.83" errors="0">
<testcase name="Flaky Test Examples › flaky test with annotation" classname="examples/flaky-test-example.spec.js" time="1.186">
<properties>
<property name="flaky" value="This test is known to be flaky">
</property>
</properties>
</testcase>
<testcase name="Flaky Test Examples › test that might be quarantined automatically" classname="examples/flaky-test-example.spec.js" time="1.294">
</testcase>
<testcase name="Flaky Test Examples › manually skipped test if needed" classname="examples/flaky-test-example.spec.js" time="1.35">
</testcase>
</testsuite>
<testsuite name="framework-validation.spec.js" timestamp="2025-06-24T12:51:52.416Z" hostname="chromium" tests="1" failures="0" skipped="0" time="0.499" errors="0">
<testcase name="Framework Validation › Framework validation test" classname="framework-validation.spec.js" time="0.499">
</testcase>
</testsuite>
<testsuite name="integration/jira-integration.spec.js" timestamp="2025-06-24T12:51:52.416Z" hostname="chromium" tests="2" failures="0" skipped="2" time="0" errors="0">
<testcase name="Jira API Integration › should search for issues using JQL @JIRA-123" classname="integration/jira-integration.spec.js" time="0">
<properties>
<property name="skip" value="">
</property>
</properties>
<skipped>
</skipped>
</testcase>
<testcase name="Jira API Integration › should get issue details @JIRA-124" classname="integration/jira-integration.spec.js" time="0">
<properties>
<property name="skip" value="">
</property>
</properties>
<skipped>
</skipped>
</testcase>
</testsuite>
<testsuite name="integration/salesforce-objects.spec.js" timestamp="2025-06-24T12:51:52.416Z" hostname="chromium" tests="2" failures="0" skipped="2" time="0" errors="0">
<testcase name="Salesforce Objects Integration › should get object metadata @SF-123" classname="integration/salesforce-objects.spec.js" time="0">
<properties>
<property name="skip" value="">
</property>
</properties>
<skipped>
</skipped>
</testcase>
<testcase name="Salesforce Objects Integration › should create and retrieve test case @SF-124" classname="integration/salesforce-objects.spec.js" time="0">
<properties>
<property name="skip" value="">
</property>
</properties>
<skipped>
</skipped>
</testcase>
</testsuite>
<testsuite name="integration/testrail-example.spec.js" timestamp="2025-06-24T12:51:52.416Z" hostname="chromium" tests="1" failures="0" skipped="1" time="0" errors="0">
<testcase name="TestRail Integration › Execute TestRail test case" classname="integration/testrail-example.spec.js" time="0">
<properties>
<property name="skip" value="">
</property>
</properties>
<skipped>
</skipped>
</testcase>
</testsuite>
<testsuite name="reporting/reportingUtils.spec.js" timestamp="2025-06-24T12:51:52.416Z" hostname="chromium" tests="1" failures="0" skipped="0" time="0.005" errors="0">
<testcase name="Reporting Utilities › should process Playwright results" classname="reporting/reportingUtils.spec.js" time="0.005">
</testcase>
</testsuite>
<testsuite name="reporting/simple.spec.js" timestamp="2025-06-24T12:51:52.416Z" hostname="chromium" tests="1" failures="0" skipped="0" time="0.002" errors="0">
<testcase name="Simple Test › should pass" classname="reporting/simple.spec.js" time="0.002">
</testcase>
</testsuite>
<testsuite name="accessibility/accessibility.spec.js" timestamp="2025-06-24T12:51:52.416Z" hostname="firefox" tests="3" failures="0" skipped="1" time="14.715" errors="0">
<testcase name="Accessibility Tests › login page should not have critical accessibility violations" classname="accessibility/accessibility.spec.js" time="4.903">
<system-out>
<![CDATA[Critical violations: []
]]>
</system-out>
</testcase>
<testcase name="Accessibility Tests › dashboard should not have critical accessibility violations" classname="accessibility/accessibility.spec.js" time="5.041">
<properties>
<property name="skip" value="">
</property>
</properties>
<skipped>
</skipped>
</testcase>
<testcase name="Accessibility Tests › login page should pass specific accessibility rules" classname="accessibility/accessibility.spec.js" time="4.771">
</testcase>
</testsuite>
<testsuite name="accessibility/fixed-accessibilityTest.spec.js" timestamp="2025-06-24T12:51:52.416Z" hostname="firefox" tests="3" failures="0" skipped="1" time="13.644" errors="0">
<testcase name="Fixed Accessibility Tests › OrangeHRM login page should generate accessibility report" classname="accessibility/fixed-accessibilityTest.spec.js" time="4.707">
<system-out>
<![CDATA[Accessibility violations: [
  {
    type: [32m'html-lang'[39m,
    message: [32m'Document language not specified'[39m,
    severity: [32m'serious'[39m,
    element: { tagName: [32m'html'[39m, selector: [32m'html'[39m }
  }
]
]]>
</system-out>
</testcase>
<testcase name="Fixed Accessibility Tests › OrangeHRM dashboard should generate accessibility report" classname="accessibility/fixed-accessibilityTest.spec.js" time="5.238">
<properties>
<property name="skip" value="">
</property>
</properties>
<skipped>
</skipped>
</testcase>
<testcase name="Fixed Accessibility Tests › OrangeHRM login form should be accessible" classname="accessibility/fixed-accessibilityTest.spec.js" time="3.699">
</testcase>
</testsuite>
<testsuite name="core/authentication.spec.js" timestamp="2025-06-24T12:51:52.416Z" hostname="firefox" tests="3" failures="0" skipped="0" time="14.845" errors="0">
<testcase name="Authentication › should login with valid credentials" classname="core/authentication.spec.js" time="5.134">
</testcase>
<testcase name="Authentication › should show error with invalid credentials" classname="core/authentication.spec.js" time="4.921">
</testcase>
<testcase name="Authentication › should require username and password" classname="core/authentication.spec.js" time="4.79">
</testcase>
</testsuite>
<testsuite name="core/form-validation.spec.js" timestamp="2025-06-24T12:51:52.416Z" hostname="firefox" tests="3" failures="0" skipped="0" time="15.105" errors="0">
<testcase name="Form Validation › should validate required fields" classname="core/form-validation.spec.js" time="5.197">
</testcase>
<testcase name="Form Validation › should validate input format" classname="core/form-validation.spec.js" time="5.009">
</testcase>
<testcase name="Form Validation › should accept valid form submission" classname="core/form-validation.spec.js" time="4.899">
</testcase>
</testsuite>
<testsuite name="core/framework-validation.spec.js" timestamp="2025-06-24T12:51:52.416Z" hostname="firefox" tests="1" failures="0" skipped="0" time="1.187" errors="0">
<testcase name="Framework Validation › Framework validation test" classname="core/framework-validation.spec.js" time="1.187">
</testcase>
</testsuite>
<testsuite name="core/navigation.spec.js" timestamp="2025-06-24T12:51:52.416Z" hostname="firefox" tests="4" failures="0" skipped="0" time="18.305" errors="0">
<testcase name="Navigation › should navigate to Checkboxes page" classname="core/navigation.spec.js" time="4.52">
</testcase>
<testcase name="Navigation › should navigate to Dropdown page" classname="core/navigation.spec.js" time="4.442">
</testcase>
<testcase name="Navigation › should navigate to Form Authentication page" classname="core/navigation.spec.js" time="4.958">
</testcase>
<testcase name="Navigation › should navigate back to home page" classname="core/navigation.spec.js" time="4.385">
</testcase>
</testsuite>
<testsuite name="core/orangehrm-tests.spec.js" timestamp="2025-06-24T12:51:52.416Z" hostname="firefox" tests="7" failures="0" skipped="7" time="2.016" errors="0">
<testcase name="OrangeHRM Authentication › should login with valid credentials" classname="core/orangehrm-tests.spec.js" time="0.212">
<properties>
<property name="skip" value="OrangeHRM tests are skipped due to site availability issues">
</property>
</properties>
<skipped>
</skipped>
</testcase>
<testcase name="OrangeHRM Authentication › should logout successfully" classname="core/orangehrm-tests.spec.js" time="0.224">
<properties>
<property name="skip" value="OrangeHRM tests are skipped due to site availability issues">
</property>
</properties>
<skipped>
</skipped>
</testcase>
<testcase name="OrangeHRM Navigation › should navigate to Admin page" classname="core/orangehrm-tests.spec.js" time="0.243">
<properties>
<property name="skip" value="OrangeHRM tests are skipped due to site availability issues">
</property>
</properties>
<skipped>
</skipped>
</testcase>
<testcase name="OrangeHRM Navigation › should navigate to PIM page" classname="core/orangehrm-tests.spec.js" time="0.301">
<properties>
<property name="skip" value="OrangeHRM tests are skipped due to site availability issues">
</property>
</properties>
<skipped>
</skipped>
</testcase>
<testcase name="OrangeHRM Navigation › should navigate back to Dashboard" classname="core/orangehrm-tests.spec.js" time="0.284">
<properties>
<property name="skip" value="OrangeHRM tests are skipped due to site availability issues">
</property>
</properties>
<skipped>
</skipped>
</testcase>
<testcase name="OrangeHRM Form Validation › should validate password strength in Add User form" classname="core/orangehrm-tests.spec.js" time="0.367">
<properties>
<property name="skip" value="OrangeHRM tests are skipped due to site availability issues">
</property>
</properties>
<skipped>
</skipped>
</testcase>
<testcase name="OrangeHRM Form Validation › should validate password confirmation in Add User form" classname="core/orangehrm-tests.spec.js" time="0.385">
<properties>
<property name="skip" value="OrangeHRM tests are skipped due to site availability issues">
</property>
</properties>
<skipped>
</skipped>
</testcase>
</testsuite>
<testsuite name="examples/flaky-test-example.spec.js" timestamp="2025-06-24T12:51:52.416Z" hostname="firefox" tests="3" failures="0" skipped="0" time="4.186" errors="0">
<testcase name="Flaky Test Examples › flaky test with annotation" classname="examples/flaky-test-example.spec.js" time="1.45">
<properties>
<property name="flaky" value="This test is known to be flaky">
</property>
</properties>
</testcase>
<testcase name="Flaky Test Examples › test that might be quarantined automatically" classname="examples/flaky-test-example.spec.js" time="1.373">
</testcase>
<testcase name="Flaky Test Examples › manually skipped test if needed" classname="examples/flaky-test-example.spec.js" time="1.363">
</testcase>
</testsuite>
<testsuite name="framework-validation.spec.js" timestamp="2025-06-24T12:51:52.416Z" hostname="firefox" tests="1" failures="0" skipped="0" time="0.618" errors="0">
<testcase name="Framework Validation › Framework validation test" classname="framework-validation.spec.js" time="0.618">
</testcase>
</testsuite>
<testsuite name="integration/jira-integration.spec.js" timestamp="2025-06-24T12:51:52.416Z" hostname="firefox" tests="2" failures="0" skipped="2" time="0" errors="0">
<testcase name="Jira API Integration › should search for issues using JQL @JIRA-123" classname="integration/jira-integration.spec.js" time="0">
<properties>
<property name="skip" value="">
</property>
</properties>
<skipped>
</skipped>
</testcase>
<testcase name="Jira API Integration › should get issue details @JIRA-124" classname="integration/jira-integration.spec.js" time="0">
<properties>
<property name="skip" value="">
</property>
</properties>
<skipped>
</skipped>
</testcase>
</testsuite>
<testsuite name="integration/salesforce-objects.spec.js" timestamp="2025-06-24T12:51:52.416Z" hostname="firefox" tests="2" failures="0" skipped="2" time="0" errors="0">
<testcase name="Salesforce Objects Integration › should get object metadata @SF-123" classname="integration/salesforce-objects.spec.js" time="0">
<properties>
<property name="skip" value="">
</property>
</properties>
<skipped>
</skipped>
</testcase>
<testcase name="Salesforce Objects Integration › should create and retrieve test case @SF-124" classname="integration/salesforce-objects.spec.js" time="0">
<properties>
<property name="skip" value="">
</property>
</properties>
<skipped>
</skipped>
</testcase>
</testsuite>
<testsuite name="integration/testrail-example.spec.js" timestamp="2025-06-24T12:51:52.416Z" hostname="firefox" tests="1" failures="0" skipped="1" time="0" errors="0">
<testcase name="TestRail Integration › Execute TestRail test case" classname="integration/testrail-example.spec.js" time="0">
<properties>
<property name="skip" value="">
</property>
</properties>
<skipped>
</skipped>
</testcase>
</testsuite>
<testsuite name="reporting/reportingUtils.spec.js" timestamp="2025-06-24T12:51:52.416Z" hostname="firefox" tests="1" failures="0" skipped="0" time="0.023" errors="0">
<testcase name="Reporting Utilities › should process Playwright results" classname="reporting/reportingUtils.spec.js" time="0.023">
</testcase>
</testsuite>
<testsuite name="reporting/simple.spec.js" timestamp="2025-06-24T12:51:52.416Z" hostname="firefox" tests="1" failures="0" skipped="0" time="0.001" errors="0">
<testcase name="Simple Test › should pass" classname="reporting/simple.spec.js" time="0.001">
</testcase>
</testsuite>
<testsuite name="accessibility/accessibility.spec.js" timestamp="2025-06-24T12:51:52.416Z" hostname="webkit" tests="3" failures="0" skipped="1" time="14.469" errors="0">
<testcase name="Accessibility Tests › login page should not have critical accessibility violations" classname="accessibility/accessibility.spec.js" time="4.87">
<system-out>
<![CDATA[Critical violations: []
]]>
</system-out>
</testcase>
<testcase name="Accessibility Tests › dashboard should not have critical accessibility violations" classname="accessibility/accessibility.spec.js" time="4.775">
<properties>
<property name="skip" value="">
</property>
</properties>
<skipped>
</skipped>
</testcase>
<testcase name="Accessibility Tests › login page should pass specific accessibility rules" classname="accessibility/accessibility.spec.js" time="4.824">
</testcase>
</testsuite>
<testsuite name="accessibility/fixed-accessibilityTest.spec.js" timestamp="2025-06-24T12:51:52.416Z" hostname="webkit" tests="3" failures="0" skipped="1" time="13.229" errors="0">
<testcase name="Fixed Accessibility Tests › OrangeHRM login page should generate accessibility report" classname="accessibility/fixed-accessibilityTest.spec.js" time="4.829">
<system-out>
<![CDATA[Accessibility violations: [
  {
    type: [32m'html-lang'[39m,
    message: [32m'Document language not specified'[39m,
    severity: [32m'serious'[39m,
    element: { tagName: [32m'html'[39m, selector: [32m'html'[39m }
  }
]
]]>
</system-out>
</testcase>
<testcase name="Fixed Accessibility Tests › OrangeHRM dashboard should generate accessibility report" classname="accessibility/fixed-accessibilityTest.spec.js" time="4.831">
<properties>
<property name="skip" value="">
</property>
</properties>
<skipped>
</skipped>
</testcase>
<testcase name="Fixed Accessibility Tests › OrangeHRM login form should be accessible" classname="accessibility/fixed-accessibilityTest.spec.js" time="3.569">
</testcase>
</testsuite>
<testsuite name="core/authentication.spec.js" timestamp="2025-06-24T12:51:52.416Z" hostname="webkit" tests="3" failures="0" skipped="0" time="16.539" errors="0">
<testcase name="Authentication › should login with valid credentials" classname="core/authentication.spec.js" time="5.433">
</testcase>
<testcase name="Authentication › should show error with invalid credentials" classname="core/authentication.spec.js" time="5.422">
</testcase>
<testcase name="Authentication › should require username and password" classname="core/authentication.spec.js" time="5.684">
</testcase>
</testsuite>
<testsuite name="core/form-validation.spec.js" timestamp="2025-06-24T12:51:52.416Z" hostname="webkit" tests="3" failures="0" skipped="0" time="15.665" errors="0">
<testcase name="Form Validation › should validate required fields" classname="core/form-validation.spec.js" time="5.461">
</testcase>
<testcase name="Form Validation › should validate input format" classname="core/form-validation.spec.js" time="4.98">
</testcase>
<testcase name="Form Validation › should accept valid form submission" classname="core/form-validation.spec.js" time="5.224">
</testcase>
</testsuite>
<testsuite name="core/framework-validation.spec.js" timestamp="2025-06-24T12:51:52.416Z" hostname="webkit" tests="1" failures="0" skipped="0" time="1.127" errors="0">
<testcase name="Framework Validation › Framework validation test" classname="core/framework-validation.spec.js" time="1.127">
</testcase>
</testsuite>
<testsuite name="core/navigation.spec.js" timestamp="2025-06-24T12:51:52.416Z" hostname="webkit" tests="4" failures="0" skipped="0" time="17.387" errors="0">
<testcase name="Navigation › should navigate to Checkboxes page" classname="core/navigation.spec.js" time="4.24">
</testcase>
<testcase name="Navigation › should navigate to Dropdown page" classname="core/navigation.spec.js" time="4.027">
</testcase>
<testcase name="Navigation › should navigate to Form Authentication page" classname="core/navigation.spec.js" time="4.705">
</testcase>
<testcase name="Navigation › should navigate back to home page" classname="core/navigation.spec.js" time="4.415">
</testcase>
</testsuite>
<testsuite name="core/orangehrm-tests.spec.js" timestamp="2025-06-24T12:51:52.416Z" hostname="webkit" tests="7" failures="0" skipped="7" time="1.703" errors="0">
<testcase name="OrangeHRM Authentication › should login with valid credentials" classname="core/orangehrm-tests.spec.js" time="0.213">
<properties>
<property name="skip" value="OrangeHRM tests are skipped due to site availability issues">
</property>
</properties>
<skipped>
</skipped>
</testcase>
<testcase name="OrangeHRM Authentication › should logout successfully" classname="core/orangehrm-tests.spec.js" time="0.203">
<properties>
<property name="skip" value="OrangeHRM tests are skipped due to site availability issues">
</property>
</properties>
<skipped>
</skipped>
</testcase>
<testcase name="OrangeHRM Navigation › should navigate to Admin page" classname="core/orangehrm-tests.spec.js" time="0.223">
<properties>
<property name="skip" value="OrangeHRM tests are skipped due to site availability issues">
</property>
</properties>
<skipped>
</skipped>
</testcase>
<testcase name="OrangeHRM Navigation › should navigate to PIM page" classname="core/orangehrm-tests.spec.js" time="0.222">
<properties>
<property name="skip" value="OrangeHRM tests are skipped due to site availability issues">
</property>
</properties>
<skipped>
</skipped>
</testcase>
<testcase name="OrangeHRM Navigation › should navigate back to Dashboard" classname="core/orangehrm-tests.spec.js" time="0.274">
<properties>
<property name="skip" value="OrangeHRM tests are skipped due to site availability issues">
</property>
</properties>
<skipped>
</skipped>
</testcase>
<testcase name="OrangeHRM Form Validation › should validate password strength in Add User form" classname="core/orangehrm-tests.spec.js" time="0.27">
<properties>
<property name="skip" value="OrangeHRM tests are skipped due to site availability issues">
</property>
</properties>
<skipped>
</skipped>
</testcase>
<testcase name="OrangeHRM Form Validation › should validate password confirmation in Add User form" classname="core/orangehrm-tests.spec.js" time="0.298">
<properties>
<property name="skip" value="OrangeHRM tests are skipped due to site availability issues">
</property>
</properties>
<skipped>
</skipped>
</testcase>
</testsuite>
<testsuite name="examples/flaky-test-example.spec.js" timestamp="2025-06-24T12:51:52.416Z" hostname="webkit" tests="3" failures="0" skipped="0" time="3.337" errors="0">
<testcase name="Flaky Test Examples › flaky test with annotation" classname="examples/flaky-test-example.spec.js" time="1.148">
<properties>
<property name="flaky" value="This test is known to be flaky">
</property>
</properties>
</testcase>
<testcase name="Flaky Test Examples › test that might be quarantined automatically" classname="examples/flaky-test-example.spec.js" time="1.084">
</testcase>
<testcase name="Flaky Test Examples › manually skipped test if needed" classname="examples/flaky-test-example.spec.js" time="1.105">
</testcase>
</testsuite>
<testsuite name="framework-validation.spec.js" timestamp="2025-06-24T12:51:52.416Z" hostname="webkit" tests="1" failures="0" skipped="0" time="0.225" errors="0">
<testcase name="Framework Validation › Framework validation test" classname="framework-validation.spec.js" time="0.225">
</testcase>
</testsuite>
<testsuite name="integration/jira-integration.spec.js" timestamp="2025-06-24T12:51:52.416Z" hostname="webkit" tests="2" failures="0" skipped="2" time="0" errors="0">
<testcase name="Jira API Integration › should search for issues using JQL @JIRA-123" classname="integration/jira-integration.spec.js" time="0">
<properties>
<property name="skip" value="">
</property>
</properties>
<skipped>
</skipped>
</testcase>
<testcase name="Jira API Integration › should get issue details @JIRA-124" classname="integration/jira-integration.spec.js" time="0">
<properties>
<property name="skip" value="">
</property>
</properties>
<skipped>
</skipped>
</testcase>
</testsuite>
<testsuite name="integration/salesforce-objects.spec.js" timestamp="2025-06-24T12:51:52.416Z" hostname="webkit" tests="2" failures="0" skipped="2" time="0" errors="0">
<testcase name="Salesforce Objects Integration › should get object metadata @SF-123" classname="integration/salesforce-objects.spec.js" time="0">
<properties>
<property name="skip" value="">
</property>
</properties>
<skipped>
</skipped>
</testcase>
<testcase name="Salesforce Objects Integration › should create and retrieve test case @SF-124" classname="integration/salesforce-objects.spec.js" time="0">
<properties>
<property name="skip" value="">
</property>
</properties>
<skipped>
</skipped>
</testcase>
</testsuite>
<testsuite name="integration/testrail-example.spec.js" timestamp="2025-06-24T12:51:52.416Z" hostname="webkit" tests="1" failures="0" skipped="1" time="0" errors="0">
<testcase name="TestRail Integration › Execute TestRail test case" classname="integration/testrail-example.spec.js" time="0">
<properties>
<property name="skip" value="">
</property>
</properties>
<skipped>
</skipped>
</testcase>
</testsuite>
<testsuite name="reporting/reportingUtils.spec.js" timestamp="2025-06-24T12:51:52.416Z" hostname="webkit" tests="1" failures="0" skipped="0" time="0.003" errors="0">
<testcase name="Reporting Utilities › should process Playwright results" classname="reporting/reportingUtils.spec.js" time="0.003">
</testcase>
</testsuite>
<testsuite name="reporting/simple.spec.js" timestamp="2025-06-24T12:51:52.416Z" hostname="webkit" tests="1" failures="0" skipped="0" time="0.001" errors="0">
<testcase name="Simple Test › should pass" classname="reporting/simple.spec.js" time="0.001">
</testcase>
</testsuite>
<testsuite name="salesforce/salesforce-api-mock.spec.js" timestamp="2025-06-24T12:51:52.416Z" hostname="salesforce" tests="4" failures="0" skipped="0" time="0.066" errors="0">
<testcase name="Salesforce API Mock Tests › should get API limits" classname="salesforce/salesforce-api-mock.spec.js" time="0.011">
<system-out>
<![CDATA[API Limits: {
  "DailyApiRequests": {
    "Max": 15000,
    "Remaining": 14998
  },
  "DailyBulkApiRequests": {
    "Max": 5000,
    "Remaining": 5000
  },
  "DailyGenericStreamingApiEvents": {
    "Max": 10000,
    "Remaining": 10000
  }
}
]]>
</system-out>
</testcase>
<testcase name="Salesforce API Mock Tests › should describe global objects" classname="salesforce/salesforce-api-mock.spec.js" time="0.012">
<system-out>
<![CDATA[Objects: [ [32m'Account'[39m, [32m'Contact'[39m ]
]]>
</system-out>
</testcase>
<testcase name="Salesforce API Mock Tests › should describe Contact object" classname="salesforce/salesforce-api-mock.spec.js" time="0.013">
<system-out>
<![CDATA[Contact Fields: [ [32m'Id'[39m, [32m'FirstName'[39m, [32m'LastName'[39m, [32m'Email'[39m, [32m'Phone'[39m ]
]]>
</system-out>
</testcase>
<testcase name="Salesforce API Mock Tests › should extract Contact metadata to file" classname="salesforce/salesforce-api-mock.spec.js" time="0.03">
<system-out>
<![CDATA[Contact metadata extracted to /Users/mzahirudeen/Desktop/AgentSync/Client Deliverable/AgentSyncProfessionalServices/temp/contact-metadata-mock.json
]]>
</system-out>
</testcase>
</testsuite>
<testsuite name="salesforce/salesforce-api.spec.js" timestamp="2025-06-24T12:51:52.416Z" hostname="salesforce" tests="4" failures="0" skipped="4" time="0.003" errors="0">
<testcase name="Salesforce API Tests › should get API limits" classname="salesforce/salesforce-api.spec.js" time="0.001">
<properties>
<property name="skip" value="No access token available">
</property>
</properties>
<skipped>
</skipped>
</testcase>
<testcase name="Salesforce API Tests › should describe global objects" classname="salesforce/salesforce-api.spec.js" time="0.001">
<properties>
<property name="skip" value="No access token available">
</property>
</properties>
<skipped>
</skipped>
</testcase>
<testcase name="Salesforce API Tests › should describe Contact object" classname="salesforce/salesforce-api.spec.js" time="0">
<properties>
<property name="skip" value="No access token available">
</property>
</properties>
<skipped>
</skipped>
</testcase>
<testcase name="Salesforce API Tests › should extract Contact metadata to file" classname="salesforce/salesforce-api.spec.js" time="0.001">
<properties>
<property name="skip" value="No access token available">
</property>
</properties>
<skipped>
</skipped>
</testcase>
</testsuite>
<testsuite name="salesforce/salesforce-login.spec.js" timestamp="2025-06-24T12:51:52.416Z" hostname="salesforce" tests="1" failures="0" skipped="0" time="18.454" errors="0">
<testcase name="Salesforce Login Test › should login to Salesforce successfully" classname="salesforce/salesforce-login.spec.js" time="18.454">
<system-out>
<![CDATA[Current page title: Home | Salesforce
Current URL: https://wise-koala-a44c19-dev-ed.trailblaze.lightning.force.com/lightning/setup/SetupOneHome/home
✅ Successfully logged in to Salesforce and saved authentication state
]]>
</system-out>
</testcase>
</testsuite>
<testsuite name="salesforce/salesforce-simple-contact.spec.js" timestamp="2025-06-24T12:51:52.416Z" hostname="salesforce" tests="1" failures="0" skipped="1" time="0" errors="0">
<testcase name="Salesforce Simple Contact Test › should navigate to contacts list" classname="salesforce/salesforce-simple-contact.spec.js" time="0">
<properties>
<property name="skip" value="">
</property>
</properties>
<skipped>
</skipped>
</testcase>
</testsuite>
<testsuite name="api/rest/create-user.spec.js" timestamp="2025-06-24T12:51:52.416Z" hostname="api" tests="5" failures="0" skipped="0" time="2.23" errors="0">
<testcase name="Create User API Tests › Create new user with valid data" classname="api/rest/create-user.spec.js" time="0.468">
</testcase>
<testcase name="Create User API Tests › Create user with minimal data" classname="api/rest/create-user.spec.js" time="0.483">
</testcase>
<testcase name="Create User API Tests › Update user with PUT request" classname="api/rest/create-user.spec.js" time="0.433">
</testcase>
<testcase name="Create User API Tests › Update user with PATCH request" classname="api/rest/create-user.spec.js" time="0.515">
</testcase>
<testcase name="Create User API Tests › Delete user" classname="api/rest/create-user.spec.js" time="0.331">
</testcase>
</testsuite>
<testsuite name="api/rest/data-driven-api.spec.js" timestamp="2025-06-24T12:51:52.416Z" hostname="api" tests="12" failures="0" skipped="0" time="2.956" errors="0">
<testcase name="Data-Driven API Tests › Create user: User 1 - Job 1" classname="api/rest/data-driven-api.spec.js" time="0.355">
</testcase>
<testcase name="Data-Driven API Tests › Create user: User 2 - Job 2" classname="api/rest/data-driven-api.spec.js" time="0.385">
</testcase>
<testcase name="Data-Driven API Tests › Create user: User 3 - Job 3" classname="api/rest/data-driven-api.spec.js" time="0.333">
</testcase>
<testcase name="Data-Driven API Tests › Get user with ID: 1" classname="api/rest/data-driven-api.spec.js" time="0.336">
</testcase>
<testcase name="Data-Driven API Tests › Get user with ID: 2" classname="api/rest/data-driven-api.spec.js" time="0.045">
</testcase>
<testcase name="Data-Driven API Tests › Get user with ID: 3" classname="api/rest/data-driven-api.spec.js" time="0.365">
</testcase>
<testcase name="Data-Driven API Tests › Get user with ID: 23" classname="api/rest/data-driven-api.spec.js" time="0.365">
</testcase>
<testcase name="Data-Driven API Tests › Get users from page 1" classname="api/rest/data-driven-api.spec.js" time="0.031">
</testcase>
<testcase name="Data-Driven API Tests › Get users from page 2" classname="api/rest/data-driven-api.spec.js" time="0.032">
</testcase>
<testcase name="Data-Driven API Tests › Get users from page 3" classname="api/rest/data-driven-api.spec.js" time="0.324">
</testcase>
<testcase name="Data-Driven API Tests › API with page=1" classname="api/rest/data-driven-api.spec.js" time="0.049">
</testcase>
<testcase name="Data-Driven API Tests › API with per_page=3" classname="api/rest/data-driven-api.spec.js" time="0.336">
</testcase>
</testsuite>
<testsuite name="api/rest/fixed-reqres-api.spec.js" timestamp="2025-06-24T12:51:52.416Z" hostname="api" tests="4" failures="0" skipped="0" time="0.829" errors="0">
<testcase name="ReqRes API with Schema Validation › Get users list with schema validation" classname="api/rest/fixed-reqres-api.spec.js" time="0.063">
</testcase>
<testcase name="ReqRes API with Schema Validation › Get single user with schema validation" classname="api/rest/fixed-reqres-api.spec.js" time="0.053">
</testcase>
<testcase name="ReqRes API with Schema Validation › Create user with schema validation" classname="api/rest/fixed-reqres-api.spec.js" time="0.379">
</testcase>
<testcase name="ReqRes API with Schema Validation › Validate error response for non-existent resource" classname="api/rest/fixed-reqres-api.spec.js" time="0.334">
</testcase>
</testsuite>
<testsuite name="api/rest/user-api.spec.js" timestamp="2025-06-24T12:51:52.416Z" hostname="api" tests="4" failures="0" skipped="0" time="0.442" errors="0">
<testcase name="User API Tests › Get list of users" classname="api/rest/user-api.spec.js" time="0.04">
</testcase>
<testcase name="User API Tests › Get single user by ID" classname="api/rest/user-api.spec.js" time="0.032">
</testcase>
<testcase name="User API Tests › Get non-existent user returns 404" classname="api/rest/user-api.spec.js" time="0.335">
</testcase>
<testcase name="User API Tests › Get user resources" classname="api/rest/user-api.spec.js" time="0.035">
</testcase>
</testsuite>
<testsuite name="accessibility/accessibility.spec.js" timestamp="2025-06-24T12:51:52.416Z" hostname="accessibility" tests="3" failures="0" skipped="1" time="10.753" errors="0">
<testcase name="Accessibility Tests › login page should not have critical accessibility violations" classname="accessibility/accessibility.spec.js" time="3.661">
<system-out>
<![CDATA[Critical violations: []
]]>
</system-out>
</testcase>
<testcase name="Accessibility Tests › dashboard should not have critical accessibility violations" classname="accessibility/accessibility.spec.js" time="3.475">
<properties>
<property name="skip" value="">
</property>
</properties>
<skipped>
</skipped>
</testcase>
<testcase name="Accessibility Tests › login page should pass specific accessibility rules" classname="accessibility/accessibility.spec.js" time="3.617">
</testcase>
</testsuite>
<testsuite name="accessibility/fixed-accessibilityTest.spec.js" timestamp="2025-06-24T12:51:52.416Z" hostname="accessibility" tests="3" failures="0" skipped="1" time="10.239" errors="0">
<testcase name="Fixed Accessibility Tests › OrangeHRM login page should generate accessibility report" classname="accessibility/fixed-accessibilityTest.spec.js" time="3.653">
<system-out>
<![CDATA[Accessibility violations: [
  {
    type: [32m'html-lang'[39m,
    message: [32m'Document language not specified'[39m,
    severity: [32m'serious'[39m,
    element: { tagName: [32m'html'[39m, selector: [32m'html'[39m }
  }
]
]]>
</system-out>
</testcase>
<testcase name="Fixed Accessibility Tests › OrangeHRM dashboard should generate accessibility report" classname="accessibility/fixed-accessibilityTest.spec.js" time="3.202">
<properties>
<property name="skip" value="">
</property>
</properties>
<skipped>
</skipped>
</testcase>
<testcase name="Fixed Accessibility Tests › OrangeHRM login form should be accessible" classname="accessibility/fixed-accessibilityTest.spec.js" time="3.384">
</testcase>
</testsuite>
</testsuites>